<?xml version="1.0" encoding="UTF-8"?>
<testsuite xmlns:xsi="http://www.w3.org/2001/XMLSchema-instance" xsi:noNamespaceSchemaLocation="https://maven.apache.org/surefire/maven-surefire-plugin/xsd/surefire-test-report.xsd" name="com.example.SpringWebDemo.SpringWebDemoApplicationTests" time="5.013" tests="1" errors="1" skipped="0" failures="0">
  <properties>
    <property name="sun.desktop" value="windows"/>
    <property name="awt.toolkit" value="sun.awt.windows.WToolkit"/>
    <property name="file.encoding.pkg" value="sun.io"/>
    <property name="java.specification.version" value="1.8"/>
    <property name="sun.cpu.isalist" value="amd64"/>
    <property name="sun.jnu.encoding" value="Cp1252"/>
    <property name="java.class.path" value="C:\Dev\myProjects\SpringWebDemo\target\test-classes;C:\Dev\myProjects\SpringWebDemo\target\classes;C:\Users\s.atanasov\.m2\repository\org\springframework\boot\spring-boot-starter-data-ldap\2.1.6.RELEASE\spring-boot-starter-data-ldap-2.1.6.RELEASE.jar;C:\Users\s.atanasov\.m2\repository\org\springframework\boot\spring-boot-starter\2.1.6.RELEASE\spring-boot-starter-2.1.6.RELEASE.jar;C:\Users\s.atanasov\.m2\repository\org\springframework\boot\spring-boot-starter-logging\2.1.6.RELEASE\spring-boot-starter-logging-2.1.6.RELEASE.jar;C:\Users\s.atanasov\.m2\repository\ch\qos\logback\logback-classic\1.2.3\logback-classic-1.2.3.jar;C:\Users\s.atanasov\.m2\repository\ch\qos\logback\logback-core\1.2.3\logback-core-1.2.3.jar;C:\Users\s.atanasov\.m2\repository\org\apache\logging\log4j\log4j-to-slf4j\2.11.2\log4j-to-slf4j-2.11.2.jar;C:\Users\s.atanasov\.m2\repository\org\apache\logging\log4j\log4j-api\2.11.2\log4j-api-2.11.2.jar;C:\Users\s.atanasov\.m2\repository\org\slf4j\jul-to-slf4j\1.7.26\jul-to-slf4j-1.7.26.jar;C:\Users\s.atanasov\.m2\repository\javax\annotation\javax.annotation-api\1.3.2\javax.annotation-api-1.3.2.jar;C:\Users\s.atanasov\.m2\repository\org\yaml\snakeyaml\1.23\snakeyaml-1.23.jar;C:\Users\s.atanasov\.m2\repository\org\springframework\data\spring-data-ldap\2.1.9.RELEASE\spring-data-ldap-2.1.9.RELEASE.jar;C:\Users\s.atanasov\.m2\repository\org\springframework\ldap\spring-ldap-core\2.3.2.RELEASE\spring-ldap-core-2.3.2.RELEASE.jar;C:\Users\s.atanasov\.m2\repository\org\springframework\data\spring-data-commons\2.1.9.RELEASE\spring-data-commons-2.1.9.RELEASE.jar;C:\Users\s.atanasov\.m2\repository\org\slf4j\slf4j-api\1.7.26\slf4j-api-1.7.26.jar;C:\Users\s.atanasov\.m2\repository\org\springframework\boot\spring-boot-starter-data-jpa\2.1.6.RELEASE\spring-boot-starter-data-jpa-2.1.6.RELEASE.jar;C:\Users\s.atanasov\.m2\repository\org\springframework\boot\spring-boot-starter-aop\2.1.6.RELEASE\spring-boot-starter-aop-2.1.6.RELEASE.jar;C:\Users\s.atanasov\.m2\repository\org\aspectj\aspectjweaver\1.9.4\aspectjweaver-1.9.4.jar;C:\Users\s.atanasov\.m2\repository\org\springframework\boot\spring-boot-starter-jdbc\2.1.6.RELEASE\spring-boot-starter-jdbc-2.1.6.RELEASE.jar;C:\Users\s.atanasov\.m2\repository\com\zaxxer\HikariCP\3.2.0\HikariCP-3.2.0.jar;C:\Users\s.atanasov\.m2\repository\org\springframework\spring-jdbc\5.1.8.RELEASE\spring-jdbc-5.1.8.RELEASE.jar;C:\Users\s.atanasov\.m2\repository\javax\transaction\javax.transaction-api\1.3\javax.transaction-api-1.3.jar;C:\Users\s.atanasov\.m2\repository\javax\xml\bind\jaxb-api\2.3.1\jaxb-api-2.3.1.jar;C:\Users\s.atanasov\.m2\repository\javax\activation\javax.activation-api\1.2.0\javax.activation-api-1.2.0.jar;C:\Users\s.atanasov\.m2\repository\org\hibernate\hibernate-core\5.3.10.Final\hibernate-core-5.3.10.Final.jar;C:\Users\s.atanasov\.m2\repository\org\jboss\logging\jboss-logging\3.3.2.Final\jboss-logging-3.3.2.Final.jar;C:\Users\s.atanasov\.m2\repository\javax\persistence\javax.persistence-api\2.2\javax.persistence-api-2.2.jar;C:\Users\s.atanasov\.m2\repository\org\javassist\javassist\3.23.2-GA\javassist-3.23.2-GA.jar;C:\Users\s.atanasov\.m2\repository\net\bytebuddy\byte-buddy\1.9.13\byte-buddy-1.9.13.jar;C:\Users\s.atanasov\.m2\repository\antlr\antlr\2.7.7\antlr-2.7.7.jar;C:\Users\s.atanasov\.m2\repository\org\jboss\jandex\2.0.5.Final\jandex-2.0.5.Final.jar;C:\Users\s.atanasov\.m2\repository\com\fasterxml\classmate\1.4.0\classmate-1.4.0.jar;C:\Users\s.atanasov\.m2\repository\org\dom4j\dom4j\2.1.1\dom4j-2.1.1.jar;C:\Users\s.atanasov\.m2\repository\org\hibernate\common\hibernate-commons-annotations\5.0.4.Final\hibernate-commons-annotations-5.0.4.Final.jar;C:\Users\s.atanasov\.m2\repository\org\springframework\data\spring-data-jpa\2.1.9.RELEASE\spring-data-jpa-2.1.9.RELEASE.jar;C:\Users\s.atanasov\.m2\repository\org\springframework\spring-orm\5.1.8.RELEASE\spring-orm-5.1.8.RELEASE.jar;C:\Users\s.atanasov\.m2\repository\org\springframework\spring-beans\5.1.8.RELEASE\spring-beans-5.1.8.RELEASE.jar;C:\Users\s.atanasov\.m2\repository\org\springframework\spring-aspects\5.1.8.RELEASE\spring-aspects-5.1.8.RELEASE.jar;C:\Users\s.atanasov\.m2\repository\org\springframework\boot\spring-boot-starter-jooq\2.1.6.RELEASE\spring-boot-starter-jooq-2.1.6.RELEASE.jar;C:\Users\s.atanasov\.m2\repository\org\springframework\spring-tx\5.1.8.RELEASE\spring-tx-5.1.8.RELEASE.jar;C:\Users\s.atanasov\.m2\repository\org\jooq\jooq\3.11.11\jooq-3.11.11.jar;C:\Users\s.atanasov\.m2\repository\org\springframework\boot\spring-boot-starter-oauth2-client\2.1.6.RELEASE\spring-boot-starter-oauth2-client-2.1.6.RELEASE.jar;C:\Users\s.atanasov\.m2\repository\org\springframework\security\spring-security-config\5.1.5.RELEASE\spring-security-config-5.1.5.RELEASE.jar;C:\Users\s.atanasov\.m2\repository\org\springframework\security\spring-security-core\5.1.5.RELEASE\spring-security-core-5.1.5.RELEASE.jar;C:\Users\s.atanasov\.m2\repository\org\springframework\spring-expression\5.1.8.RELEASE\spring-expression-5.1.8.RELEASE.jar;C:\Users\s.atanasov\.m2\repository\org\springframework\security\spring-security-oauth2-client\5.1.5.RELEASE\spring-security-oauth2-client-5.1.5.RELEASE.jar;C:\Users\s.atanasov\.m2\repository\com\nimbusds\oauth2-oidc-sdk\6.0\oauth2-oidc-sdk-6.0.jar;C:\Users\s.atanasov\.m2\repository\com\sun\mail\javax.mail\1.6.2\javax.mail-1.6.2.jar;C:\Users\s.atanasov\.m2\repository\javax\activation\activation\1.1\activation-1.1.jar;C:\Users\s.atanasov\.m2\repository\com\github\stephenc\jcip\jcip-annotations\1.0-1\jcip-annotations-1.0-1.jar;C:\Users\s.atanasov\.m2\repository\com\nimbusds\lang-tag\1.4.4\lang-tag-1.4.4.jar;C:\Users\s.atanasov\.m2\repository\org\springframework\security\spring-security-oauth2-core\5.1.5.RELEASE\spring-security-oauth2-core-5.1.5.RELEASE.jar;C:\Users\s.atanasov\.m2\repository\org\springframework\security\spring-security-oauth2-jose\5.1.5.RELEASE\spring-security-oauth2-jose-5.1.5.RELEASE.jar;C:\Users\s.atanasov\.m2\repository\com\nimbusds\nimbus-jose-jwt\6.0.2\nimbus-jose-jwt-6.0.2.jar;C:\Users\s.atanasov\.m2\repository\org\springframework\boot\spring-boot-starter-security\2.1.6.RELEASE\spring-boot-starter-security-2.1.6.RELEASE.jar;C:\Users\s.atanasov\.m2\repository\org\springframework\spring-aop\5.1.8.RELEASE\spring-aop-5.1.8.RELEASE.jar;C:\Users\s.atanasov\.m2\repository\org\springframework\security\spring-security-web\5.1.5.RELEASE\spring-security-web-5.1.5.RELEASE.jar;C:\Users\s.atanasov\.m2\repository\org\springframework\boot\spring-boot-starter-web\2.1.6.RELEASE\spring-boot-starter-web-2.1.6.RELEASE.jar;C:\Users\s.atanasov\.m2\repository\org\springframework\boot\spring-boot-starter-json\2.1.6.RELEASE\spring-boot-starter-json-2.1.6.RELEASE.jar;C:\Users\s.atanasov\.m2\repository\com\fasterxml\jackson\core\jackson-databind\2.9.9\jackson-databind-2.9.9.jar;C:\Users\s.atanasov\.m2\repository\com\fasterxml\jackson\core\jackson-annotations\2.9.0\jackson-annotations-2.9.0.jar;C:\Users\s.atanasov\.m2\repository\com\fasterxml\jackson\core\jackson-core\2.9.9\jackson-core-2.9.9.jar;C:\Users\s.atanasov\.m2\repository\com\fasterxml\jackson\datatype\jackson-datatype-jdk8\2.9.9\jackson-datatype-jdk8-2.9.9.jar;C:\Users\s.atanasov\.m2\repository\com\fasterxml\jackson\datatype\jackson-datatype-jsr310\2.9.9\jackson-datatype-jsr310-2.9.9.jar;C:\Users\s.atanasov\.m2\repository\com\fasterxml\jackson\module\jackson-module-parameter-names\2.9.9\jackson-module-parameter-names-2.9.9.jar;C:\Users\s.atanasov\.m2\repository\org\springframework\boot\spring-boot-starter-tomcat\2.1.6.RELEASE\spring-boot-starter-tomcat-2.1.6.RELEASE.jar;C:\Users\s.atanasov\.m2\repository\org\apache\tomcat\embed\tomcat-embed-core\9.0.21\tomcat-embed-core-9.0.21.jar;C:\Users\s.atanasov\.m2\repository\org\apache\tomcat\embed\tomcat-embed-el\9.0.21\tomcat-embed-el-9.0.21.jar;C:\Users\s.atanasov\.m2\repository\org\apache\tomcat\embed\tomcat-embed-websocket\9.0.21\tomcat-embed-websocket-9.0.21.jar;C:\Users\s.atanasov\.m2\repository\org\hibernate\validator\hibernate-validator\6.0.17.Final\hibernate-validator-6.0.17.Final.jar;C:\Users\s.atanasov\.m2\repository\javax\validation\validation-api\2.0.1.Final\validation-api-2.0.1.Final.jar;C:\Users\s.atanasov\.m2\repository\org\springframework\spring-web\5.1.8.RELEASE\spring-web-5.1.8.RELEASE.jar;C:\Users\s.atanasov\.m2\repository\org\springframework\spring-webmvc\5.1.8.RELEASE\spring-webmvc-5.1.8.RELEASE.jar;C:\Users\s.atanasov\.m2\repository\org\flywaydb\flyway-core\5.2.4\flyway-core-5.2.4.jar;C:\Users\s.atanasov\.m2\repository\org\springframework\kafka\spring-kafka\2.2.7.RELEASE\spring-kafka-2.2.7.RELEASE.jar;C:\Users\s.atanasov\.m2\repository\org\springframework\spring-context\5.1.8.RELEASE\spring-context-5.1.8.RELEASE.jar;C:\Users\s.atanasov\.m2\repository\org\springframework\spring-messaging\5.1.8.RELEASE\spring-messaging-5.1.8.RELEASE.jar;C:\Users\s.atanasov\.m2\repository\org\springframework\retry\spring-retry\1.2.4.RELEASE\spring-retry-1.2.4.RELEASE.jar;C:\Users\s.atanasov\.m2\repository\org\apache\kafka\kafka-clients\2.0.1\kafka-clients-2.0.1.jar;C:\Users\s.atanasov\.m2\repository\org\lz4\lz4-java\1.4.1\lz4-java-1.4.1.jar;C:\Users\s.atanasov\.m2\repository\org\xerial\snappy\snappy-java\1.1.7.1\snappy-java-1.1.7.1.jar;C:\Users\s.atanasov\.m2\repository\org\springframework\boot\spring-boot-devtools\2.1.6.RELEASE\spring-boot-devtools-2.1.6.RELEASE.jar;C:\Users\s.atanasov\.m2\repository\org\springframework\boot\spring-boot\2.1.6.RELEASE\spring-boot-2.1.6.RELEASE.jar;C:\Users\s.atanasov\.m2\repository\org\springframework\boot\spring-boot-autoconfigure\2.1.6.RELEASE\spring-boot-autoconfigure-2.1.6.RELEASE.jar;C:\Users\s.atanasov\.m2\repository\com\h2database\h2\1.4.199\h2-1.4.199.jar;C:\Users\s.atanasov\.m2\repository\org\projectlombok\lombok\1.18.8\lombok-1.18.8.jar;C:\Users\s.atanasov\.m2\repository\org\springframework\boot\spring-boot-starter-test\2.1.6.RELEASE\spring-boot-starter-test-2.1.6.RELEASE.jar;C:\Users\s.atanasov\.m2\repository\org\springframework\boot\spring-boot-test\2.1.6.RELEASE\spring-boot-test-2.1.6.RELEASE.jar;C:\Users\s.atanasov\.m2\repository\org\springframework\boot\spring-boot-test-autoconfigure\2.1.6.RELEASE\spring-boot-test-autoconfigure-2.1.6.RELEASE.jar;C:\Users\s.atanasov\.m2\repository\com\jayway\jsonpath\json-path\2.4.0\json-path-2.4.0.jar;C:\Users\s.atanasov\.m2\repository\net\minidev\json-smart\2.3\json-smart-2.3.jar;C:\Users\s.atanasov\.m2\repository\net\minidev\accessors-smart\1.2\accessors-smart-1.2.jar;C:\Users\s.atanasov\.m2\repository\org\ow2\asm\asm\5.0.4\asm-5.0.4.jar;C:\Users\s.atanasov\.m2\repository\junit\junit\4.12\junit-4.12.jar;C:\Users\s.atanasov\.m2\repository\org\assertj\assertj-core\3.11.1\assertj-core-3.11.1.jar;C:\Users\s.atanasov\.m2\repository\org\mockito\mockito-core\2.23.4\mockito-core-2.23.4.jar;C:\Users\s.atanasov\.m2\repository\net\bytebuddy\byte-buddy-agent\1.9.13\byte-buddy-agent-1.9.13.jar;C:\Users\s.atanasov\.m2\repository\org\objenesis\objenesis\2.6\objenesis-2.6.jar;C:\Users\s.atanasov\.m2\repository\org\hamcrest\hamcrest-core\1.3\hamcrest-core-1.3.jar;C:\Users\s.atanasov\.m2\repository\org\hamcrest\hamcrest-library\1.3\hamcrest-library-1.3.jar;C:\Users\s.atanasov\.m2\repository\org\skyscreamer\jsonassert\1.5.0\jsonassert-1.5.0.jar;C:\Users\s.atanasov\.m2\repository\com\vaadin\external\google\android-json\0.0.20131108.vaadin1\android-json-0.0.20131108.vaadin1.jar;C:\Users\s.atanasov\.m2\repository\org\springframework\spring-core\5.1.8.RELEASE\spring-core-5.1.8.RELEASE.jar;C:\Users\s.atanasov\.m2\repository\org\springframework\spring-jcl\5.1.8.RELEASE\spring-jcl-5.1.8.RELEASE.jar;C:\Users\s.atanasov\.m2\repository\org\springframework\spring-test\5.1.8.RELEASE\spring-test-5.1.8.RELEASE.jar;C:\Users\s.atanasov\.m2\repository\org\xmlunit\xmlunit-core\2.6.2\xmlunit-core-2.6.2.jar;C:\Users\s.atanasov\.m2\repository\org\springframework\kafka\spring-kafka-test\2.2.7.RELEASE\spring-kafka-test-2.2.7.RELEASE.jar;C:\Users\s.atanasov\.m2\repository\org\apache\kafka\kafka-clients\2.0.1\kafka-clients-2.0.1-test.jar;C:\Users\s.atanasov\.m2\repository\org\apache\kafka\kafka_2.11\2.0.1\kafka_2.11-2.0.1.jar;C:\Users\s.atanasov\.m2\repository\net\sf\jopt-simple\jopt-simple\5.0.4\jopt-simple-5.0.4.jar;C:\Users\s.atanasov\.m2\repository\com\yammer\metrics\metrics-core\2.2.0\metrics-core-2.2.0.jar;C:\Users\s.atanasov\.m2\repository\org\scala-lang\scala-library\2.11.12\scala-library-2.11.12.jar;C:\Users\s.atanasov\.m2\repository\org\scala-lang\scala-reflect\2.11.12\scala-reflect-2.11.12.jar;C:\Users\s.atanasov\.m2\repository\com\typesafe\scala-logging\scala-logging_2.11\3.9.0\scala-logging_2.11-3.9.0.jar;C:\Users\s.atanasov\.m2\repository\com\101tec\zkclient\0.10\zkclient-0.10.jar;C:\Users\s.atanasov\.m2\repository\org\apache\zookeeper\zookeeper\3.4.13\zookeeper-3.4.13.jar;C:\Users\s.atanasov\.m2\repository\org\apache\yetus\audience-annotations\0.5.0\audience-annotations-0.5.0.jar;C:\Users\s.atanasov\.m2\repository\org\apache\kafka\kafka_2.11\2.0.1\kafka_2.11-2.0.1-test.jar;C:\Users\s.atanasov\.m2\repository\org\springframework\security\spring-security-test\5.1.5.RELEASE\spring-security-test-5.1.5.RELEASE.jar;"/>
    <property name="java.vm.vendor" value="Oracle Corporation"/>
    <property name="sun.arch.data.model" value="64"/>
    <property name="user.variant" value=""/>
    <property name="java.vendor.url" value="http://java.oracle.com/"/>
    <property name="user.timezone" value="Europe/Helsinki"/>
    <property name="java.vm.specification.version" value="1.8"/>
    <property name="os.name" value="Windows 10"/>
    <property name="user.country" value="US"/>
    <property name="sun.java.launcher" value="SUN_STANDARD"/>
    <property name="sun.boot.library.path" value="C:\Program Files\Java\jdk1.8.0_201\jre\bin"/>
    <property name="sun.java.command" value="C:\Users\S06D4~1.ATA\AppData\Local\Temp\surefire1432719723821869837\surefirebooter7576596732292920799.jar C:\Users\s.atanasov\AppData\Local\Temp\surefire1432719723821869837 2019-07-28T16-41-37_433-jvmRun1 surefire7721790272855729150tmp surefire_0549317525965479609tmp"/>
    <property name="surefire.test.class.path" value="C:\Dev\myProjects\SpringWebDemo\target\test-classes;C:\Dev\myProjects\SpringWebDemo\target\classes;C:\Users\s.atanasov\.m2\repository\org\springframework\boot\spring-boot-starter-data-ldap\2.1.6.RELEASE\spring-boot-starter-data-ldap-2.1.6.RELEASE.jar;C:\Users\s.atanasov\.m2\repository\org\springframework\boot\spring-boot-starter\2.1.6.RELEASE\spring-boot-starter-2.1.6.RELEASE.jar;C:\Users\s.atanasov\.m2\repository\org\springframework\boot\spring-boot-starter-logging\2.1.6.RELEASE\spring-boot-starter-logging-2.1.6.RELEASE.jar;C:\Users\s.atanasov\.m2\repository\ch\qos\logback\logback-classic\1.2.3\logback-classic-1.2.3.jar;C:\Users\s.atanasov\.m2\repository\ch\qos\logback\logback-core\1.2.3\logback-core-1.2.3.jar;C:\Users\s.atanasov\.m2\repository\org\apache\logging\log4j\log4j-to-slf4j\2.11.2\log4j-to-slf4j-2.11.2.jar;C:\Users\s.atanasov\.m2\repository\org\apache\logging\log4j\log4j-api\2.11.2\log4j-api-2.11.2.jar;C:\Users\s.atanasov\.m2\repository\org\slf4j\jul-to-slf4j\1.7.26\jul-to-slf4j-1.7.26.jar;C:\Users\s.atanasov\.m2\repository\javax\annotation\javax.annotation-api\1.3.2\javax.annotation-api-1.3.2.jar;C:\Users\s.atanasov\.m2\repository\org\yaml\snakeyaml\1.23\snakeyaml-1.23.jar;C:\Users\s.atanasov\.m2\repository\org\springframework\data\spring-data-ldap\2.1.9.RELEASE\spring-data-ldap-2.1.9.RELEASE.jar;C:\Users\s.atanasov\.m2\repository\org\springframework\ldap\spring-ldap-core\2.3.2.RELEASE\spring-ldap-core-2.3.2.RELEASE.jar;C:\Users\s.atanasov\.m2\repository\org\springframework\data\spring-data-commons\2.1.9.RELEASE\spring-data-commons-2.1.9.RELEASE.jar;C:\Users\s.atanasov\.m2\repository\org\slf4j\slf4j-api\1.7.26\slf4j-api-1.7.26.jar;C:\Users\s.atanasov\.m2\repository\org\springframework\boot\spring-boot-starter-data-jpa\2.1.6.RELEASE\spring-boot-starter-data-jpa-2.1.6.RELEASE.jar;C:\Users\s.atanasov\.m2\repository\org\springframework\boot\spring-boot-starter-aop\2.1.6.RELEASE\spring-boot-starter-aop-2.1.6.RELEASE.jar;C:\Users\s.atanasov\.m2\repository\org\aspectj\aspectjweaver\1.9.4\aspectjweaver-1.9.4.jar;C:\Users\s.atanasov\.m2\repository\org\springframework\boot\spring-boot-starter-jdbc\2.1.6.RELEASE\spring-boot-starter-jdbc-2.1.6.RELEASE.jar;C:\Users\s.atanasov\.m2\repository\com\zaxxer\HikariCP\3.2.0\HikariCP-3.2.0.jar;C:\Users\s.atanasov\.m2\repository\org\springframework\spring-jdbc\5.1.8.RELEASE\spring-jdbc-5.1.8.RELEASE.jar;C:\Users\s.atanasov\.m2\repository\javax\transaction\javax.transaction-api\1.3\javax.transaction-api-1.3.jar;C:\Users\s.atanasov\.m2\repository\javax\xml\bind\jaxb-api\2.3.1\jaxb-api-2.3.1.jar;C:\Users\s.atanasov\.m2\repository\javax\activation\javax.activation-api\1.2.0\javax.activation-api-1.2.0.jar;C:\Users\s.atanasov\.m2\repository\org\hibernate\hibernate-core\5.3.10.Final\hibernate-core-5.3.10.Final.jar;C:\Users\s.atanasov\.m2\repository\org\jboss\logging\jboss-logging\3.3.2.Final\jboss-logging-3.3.2.Final.jar;C:\Users\s.atanasov\.m2\repository\javax\persistence\javax.persistence-api\2.2\javax.persistence-api-2.2.jar;C:\Users\s.atanasov\.m2\repository\org\javassist\javassist\3.23.2-GA\javassist-3.23.2-GA.jar;C:\Users\s.atanasov\.m2\repository\net\bytebuddy\byte-buddy\1.9.13\byte-buddy-1.9.13.jar;C:\Users\s.atanasov\.m2\repository\antlr\antlr\2.7.7\antlr-2.7.7.jar;C:\Users\s.atanasov\.m2\repository\org\jboss\jandex\2.0.5.Final\jandex-2.0.5.Final.jar;C:\Users\s.atanasov\.m2\repository\com\fasterxml\classmate\1.4.0\classmate-1.4.0.jar;C:\Users\s.atanasov\.m2\repository\org\dom4j\dom4j\2.1.1\dom4j-2.1.1.jar;C:\Users\s.atanasov\.m2\repository\org\hibernate\common\hibernate-commons-annotations\5.0.4.Final\hibernate-commons-annotations-5.0.4.Final.jar;C:\Users\s.atanasov\.m2\repository\org\springframework\data\spring-data-jpa\2.1.9.RELEASE\spring-data-jpa-2.1.9.RELEASE.jar;C:\Users\s.atanasov\.m2\repository\org\springframework\spring-orm\5.1.8.RELEASE\spring-orm-5.1.8.RELEASE.jar;C:\Users\s.atanasov\.m2\repository\org\springframework\spring-beans\5.1.8.RELEASE\spring-beans-5.1.8.RELEASE.jar;C:\Users\s.atanasov\.m2\repository\org\springframework\spring-aspects\5.1.8.RELEASE\spring-aspects-5.1.8.RELEASE.jar;C:\Users\s.atanasov\.m2\repository\org\springframework\boot\spring-boot-starter-jooq\2.1.6.RELEASE\spring-boot-starter-jooq-2.1.6.RELEASE.jar;C:\Users\s.atanasov\.m2\repository\org\springframework\spring-tx\5.1.8.RELEASE\spring-tx-5.1.8.RELEASE.jar;C:\Users\s.atanasov\.m2\repository\org\jooq\jooq\3.11.11\jooq-3.11.11.jar;C:\Users\s.atanasov\.m2\repository\org\springframework\boot\spring-boot-starter-oauth2-client\2.1.6.RELEASE\spring-boot-starter-oauth2-client-2.1.6.RELEASE.jar;C:\Users\s.atanasov\.m2\repository\org\springframework\security\spring-security-config\5.1.5.RELEASE\spring-security-config-5.1.5.RELEASE.jar;C:\Users\s.atanasov\.m2\repository\org\springframework\security\spring-security-core\5.1.5.RELEASE\spring-security-core-5.1.5.RELEASE.jar;C:\Users\s.atanasov\.m2\repository\org\springframework\spring-expression\5.1.8.RELEASE\spring-expression-5.1.8.RELEASE.jar;C:\Users\s.atanasov\.m2\repository\org\springframework\security\spring-security-oauth2-client\5.1.5.RELEASE\spring-security-oauth2-client-5.1.5.RELEASE.jar;C:\Users\s.atanasov\.m2\repository\com\nimbusds\oauth2-oidc-sdk\6.0\oauth2-oidc-sdk-6.0.jar;C:\Users\s.atanasov\.m2\repository\com\sun\mail\javax.mail\1.6.2\javax.mail-1.6.2.jar;C:\Users\s.atanasov\.m2\repository\javax\activation\activation\1.1\activation-1.1.jar;C:\Users\s.atanasov\.m2\repository\com\github\stephenc\jcip\jcip-annotations\1.0-1\jcip-annotations-1.0-1.jar;C:\Users\s.atanasov\.m2\repository\com\nimbusds\lang-tag\1.4.4\lang-tag-1.4.4.jar;C:\Users\s.atanasov\.m2\repository\org\springframework\security\spring-security-oauth2-core\5.1.5.RELEASE\spring-security-oauth2-core-5.1.5.RELEASE.jar;C:\Users\s.atanasov\.m2\repository\org\springframework\security\spring-security-oauth2-jose\5.1.5.RELEASE\spring-security-oauth2-jose-5.1.5.RELEASE.jar;C:\Users\s.atanasov\.m2\repository\com\nimbusds\nimbus-jose-jwt\6.0.2\nimbus-jose-jwt-6.0.2.jar;C:\Users\s.atanasov\.m2\repository\org\springframework\boot\spring-boot-starter-security\2.1.6.RELEASE\spring-boot-starter-security-2.1.6.RELEASE.jar;C:\Users\s.atanasov\.m2\repository\org\springframework\spring-aop\5.1.8.RELEASE\spring-aop-5.1.8.RELEASE.jar;C:\Users\s.atanasov\.m2\repository\org\springframework\security\spring-security-web\5.1.5.RELEASE\spring-security-web-5.1.5.RELEASE.jar;C:\Users\s.atanasov\.m2\repository\org\springframework\boot\spring-boot-starter-web\2.1.6.RELEASE\spring-boot-starter-web-2.1.6.RELEASE.jar;C:\Users\s.atanasov\.m2\repository\org\springframework\boot\spring-boot-starter-json\2.1.6.RELEASE\spring-boot-starter-json-2.1.6.RELEASE.jar;C:\Users\s.atanasov\.m2\repository\com\fasterxml\jackson\core\jackson-databind\2.9.9\jackson-databind-2.9.9.jar;C:\Users\s.atanasov\.m2\repository\com\fasterxml\jackson\core\jackson-annotations\2.9.0\jackson-annotations-2.9.0.jar;C:\Users\s.atanasov\.m2\repository\com\fasterxml\jackson\core\jackson-core\2.9.9\jackson-core-2.9.9.jar;C:\Users\s.atanasov\.m2\repository\com\fasterxml\jackson\datatype\jackson-datatype-jdk8\2.9.9\jackson-datatype-jdk8-2.9.9.jar;C:\Users\s.atanasov\.m2\repository\com\fasterxml\jackson\datatype\jackson-datatype-jsr310\2.9.9\jackson-datatype-jsr310-2.9.9.jar;C:\Users\s.atanasov\.m2\repository\com\fasterxml\jackson\module\jackson-module-parameter-names\2.9.9\jackson-module-parameter-names-2.9.9.jar;C:\Users\s.atanasov\.m2\repository\org\springframework\boot\spring-boot-starter-tomcat\2.1.6.RELEASE\spring-boot-starter-tomcat-2.1.6.RELEASE.jar;C:\Users\s.atanasov\.m2\repository\org\apache\tomcat\embed\tomcat-embed-core\9.0.21\tomcat-embed-core-9.0.21.jar;C:\Users\s.atanasov\.m2\repository\org\apache\tomcat\embed\tomcat-embed-el\9.0.21\tomcat-embed-el-9.0.21.jar;C:\Users\s.atanasov\.m2\repository\org\apache\tomcat\embed\tomcat-embed-websocket\9.0.21\tomcat-embed-websocket-9.0.21.jar;C:\Users\s.atanasov\.m2\repository\org\hibernate\validator\hibernate-validator\6.0.17.Final\hibernate-validator-6.0.17.Final.jar;C:\Users\s.atanasov\.m2\repository\javax\validation\validation-api\2.0.1.Final\validation-api-2.0.1.Final.jar;C:\Users\s.atanasov\.m2\repository\org\springframework\spring-web\5.1.8.RELEASE\spring-web-5.1.8.RELEASE.jar;C:\Users\s.atanasov\.m2\repository\org\springframework\spring-webmvc\5.1.8.RELEASE\spring-webmvc-5.1.8.RELEASE.jar;C:\Users\s.atanasov\.m2\repository\org\flywaydb\flyway-core\5.2.4\flyway-core-5.2.4.jar;C:\Users\s.atanasov\.m2\repository\org\springframework\kafka\spring-kafka\2.2.7.RELEASE\spring-kafka-2.2.7.RELEASE.jar;C:\Users\s.atanasov\.m2\repository\org\springframework\spring-context\5.1.8.RELEASE\spring-context-5.1.8.RELEASE.jar;C:\Users\s.atanasov\.m2\repository\org\springframework\spring-messaging\5.1.8.RELEASE\spring-messaging-5.1.8.RELEASE.jar;C:\Users\s.atanasov\.m2\repository\org\springframework\retry\spring-retry\1.2.4.RELEASE\spring-retry-1.2.4.RELEASE.jar;C:\Users\s.atanasov\.m2\repository\org\apache\kafka\kafka-clients\2.0.1\kafka-clients-2.0.1.jar;C:\Users\s.atanasov\.m2\repository\org\lz4\lz4-java\1.4.1\lz4-java-1.4.1.jar;C:\Users\s.atanasov\.m2\repository\org\xerial\snappy\snappy-java\1.1.7.1\snappy-java-1.1.7.1.jar;C:\Users\s.atanasov\.m2\repository\org\springframework\boot\spring-boot-devtools\2.1.6.RELEASE\spring-boot-devtools-2.1.6.RELEASE.jar;C:\Users\s.atanasov\.m2\repository\org\springframework\boot\spring-boot\2.1.6.RELEASE\spring-boot-2.1.6.RELEASE.jar;C:\Users\s.atanasov\.m2\repository\org\springframework\boot\spring-boot-autoconfigure\2.1.6.RELEASE\spring-boot-autoconfigure-2.1.6.RELEASE.jar;C:\Users\s.atanasov\.m2\repository\com\h2database\h2\1.4.199\h2-1.4.199.jar;C:\Users\s.atanasov\.m2\repository\org\projectlombok\lombok\1.18.8\lombok-1.18.8.jar;C:\Users\s.atanasov\.m2\repository\org\springframework\boot\spring-boot-starter-test\2.1.6.RELEASE\spring-boot-starter-test-2.1.6.RELEASE.jar;C:\Users\s.atanasov\.m2\repository\org\springframework\boot\spring-boot-test\2.1.6.RELEASE\spring-boot-test-2.1.6.RELEASE.jar;C:\Users\s.atanasov\.m2\repository\org\springframework\boot\spring-boot-test-autoconfigure\2.1.6.RELEASE\spring-boot-test-autoconfigure-2.1.6.RELEASE.jar;C:\Users\s.atanasov\.m2\repository\com\jayway\jsonpath\json-path\2.4.0\json-path-2.4.0.jar;C:\Users\s.atanasov\.m2\repository\net\minidev\json-smart\2.3\json-smart-2.3.jar;C:\Users\s.atanasov\.m2\repository\net\minidev\accessors-smart\1.2\accessors-smart-1.2.jar;C:\Users\s.atanasov\.m2\repository\org\ow2\asm\asm\5.0.4\asm-5.0.4.jar;C:\Users\s.atanasov\.m2\repository\junit\junit\4.12\junit-4.12.jar;C:\Users\s.atanasov\.m2\repository\org\assertj\assertj-core\3.11.1\assertj-core-3.11.1.jar;C:\Users\s.atanasov\.m2\repository\org\mockito\mockito-core\2.23.4\mockito-core-2.23.4.jar;C:\Users\s.atanasov\.m2\repository\net\bytebuddy\byte-buddy-agent\1.9.13\byte-buddy-agent-1.9.13.jar;C:\Users\s.atanasov\.m2\repository\org\objenesis\objenesis\2.6\objenesis-2.6.jar;C:\Users\s.atanasov\.m2\repository\org\hamcrest\hamcrest-core\1.3\hamcrest-core-1.3.jar;C:\Users\s.atanasov\.m2\repository\org\hamcrest\hamcrest-library\1.3\hamcrest-library-1.3.jar;C:\Users\s.atanasov\.m2\repository\org\skyscreamer\jsonassert\1.5.0\jsonassert-1.5.0.jar;C:\Users\s.atanasov\.m2\repository\com\vaadin\external\google\android-json\0.0.20131108.vaadin1\android-json-0.0.20131108.vaadin1.jar;C:\Users\s.atanasov\.m2\repository\org\springframework\spring-core\5.1.8.RELEASE\spring-core-5.1.8.RELEASE.jar;C:\Users\s.atanasov\.m2\repository\org\springframework\spring-jcl\5.1.8.RELEASE\spring-jcl-5.1.8.RELEASE.jar;C:\Users\s.atanasov\.m2\repository\org\springframework\spring-test\5.1.8.RELEASE\spring-test-5.1.8.RELEASE.jar;C:\Users\s.atanasov\.m2\repository\org\xmlunit\xmlunit-core\2.6.2\xmlunit-core-2.6.2.jar;C:\Users\s.atanasov\.m2\repository\org\springframework\kafka\spring-kafka-test\2.2.7.RELEASE\spring-kafka-test-2.2.7.RELEASE.jar;C:\Users\s.atanasov\.m2\repository\org\apache\kafka\kafka-clients\2.0.1\kafka-clients-2.0.1-test.jar;C:\Users\s.atanasov\.m2\repository\org\apache\kafka\kafka_2.11\2.0.1\kafka_2.11-2.0.1.jar;C:\Users\s.atanasov\.m2\repository\net\sf\jopt-simple\jopt-simple\5.0.4\jopt-simple-5.0.4.jar;C:\Users\s.atanasov\.m2\repository\com\yammer\metrics\metrics-core\2.2.0\metrics-core-2.2.0.jar;C:\Users\s.atanasov\.m2\repository\org\scala-lang\scala-library\2.11.12\scala-library-2.11.12.jar;C:\Users\s.atanasov\.m2\repository\org\scala-lang\scala-reflect\2.11.12\scala-reflect-2.11.12.jar;C:\Users\s.atanasov\.m2\repository\com\typesafe\scala-logging\scala-logging_2.11\3.9.0\scala-logging_2.11-3.9.0.jar;C:\Users\s.atanasov\.m2\repository\com\101tec\zkclient\0.10\zkclient-0.10.jar;C:\Users\s.atanasov\.m2\repository\org\apache\zookeeper\zookeeper\3.4.13\zookeeper-3.4.13.jar;C:\Users\s.atanasov\.m2\repository\org\apache\yetus\audience-annotations\0.5.0\audience-annotations-0.5.0.jar;C:\Users\s.atanasov\.m2\repository\org\apache\kafka\kafka_2.11\2.0.1\kafka_2.11-2.0.1-test.jar;C:\Users\s.atanasov\.m2\repository\org\springframework\security\spring-security-test\5.1.5.RELEASE\spring-security-test-5.1.5.RELEASE.jar;"/>
    <property name="sun.cpu.endian" value="little"/>
    <property name="user.home" value="C:\Users\s.atanasov"/>
    <property name="user.language" value="en"/>
    <property name="java.specification.vendor" value="Oracle Corporation"/>
    <property name="java.home" value="C:\Program Files\Java\jdk1.8.0_201\jre"/>
    <property name="basedir" value="C:\Dev\myProjects\SpringWebDemo"/>
    <property name="file.separator" value="\"/>
    <property name="line.separator" value="&#10;"/>
    <property name="java.vm.specification.vendor" value="Oracle Corporation"/>
    <property name="java.specification.name" value="Java Platform API Specification"/>
    <property name="java.awt.graphicsenv" value="sun.awt.Win32GraphicsEnvironment"/>
    <property name="surefire.real.class.path" value="C:\Users\S06D4~1.ATA\AppData\Local\Temp\surefire1432719723821869837\surefirebooter7576596732292920799.jar"/>
    <property name="sun.boot.class.path" value="C:\Program Files\Java\jdk1.8.0_201\jre\lib\resources.jar;C:\Program Files\Java\jdk1.8.0_201\jre\lib\rt.jar;C:\Program Files\Java\jdk1.8.0_201\jre\lib\sunrsasign.jar;C:\Program Files\Java\jdk1.8.0_201\jre\lib\jsse.jar;C:\Program Files\Java\jdk1.8.0_201\jre\lib\jce.jar;C:\Program Files\Java\jdk1.8.0_201\jre\lib\charsets.jar;C:\Program Files\Java\jdk1.8.0_201\jre\lib\jfr.jar;C:\Program Files\Java\jdk1.8.0_201\jre\classes"/>
    <property name="user.script" value=""/>
    <property name="sun.management.compiler" value="HotSpot 64-Bit Tiered Compilers"/>
    <property name="java.runtime.version" value="1.8.0_201-b09"/>
    <property name="user.name" value="s.atanasov"/>
    <property name="path.separator" value=";"/>
    <property name="os.version" value="10.0"/>
    <property name="java.endorsed.dirs" value="C:\Program Files\Java\jdk1.8.0_201\jre\lib\endorsed"/>
    <property name="java.runtime.name" value="Java(TM) SE Runtime Environment"/>
    <property name="file.encoding" value="Cp1252"/>
    <property name="java.vm.name" value="Java HotSpot(TM) 64-Bit Server VM"/>
    <property name="localRepository" value="C:\Users\s.atanasov\.m2\repository"/>
    <property name="java.vendor.url.bug" value="http://bugreport.sun.com/bugreport/"/>
    <property name="java.io.tmpdir" value="C:\Users\S06D4~1.ATA\AppData\Local\Temp\"/>
    <property name="java.version" value="1.8.0_201"/>
    <property name="user.dir" value="C:\Dev\myProjects\SpringWebDemo"/>
    <property name="os.arch" value="amd64"/>
    <property name="java.vm.specification.name" value="Java Virtual Machine Specification"/>
    <property name="java.awt.printerjob" value="sun.awt.windows.WPrinterJob"/>
    <property name="sun.os.patch.level" value=""/>
    <property name="java.library.path" value="C:\Program Files\Java\jdk1.8.0_201\jre\bin;C:\Windows\Sun\Java\bin;C:\Windows\system32;C:\Windows;C:\Program Files (x86)\Common Files\Oracle\Java\javapath;C:\Program Files (x86)\Intel\Intel(R) Management Engine Components\iCLS\;C:\Program Files\Intel\Intel(R) Management Engine Components\iCLS\;C:\Windows\system32;C:\Windows;C:\Windows\System32\Wbem;C:\Windows\System32\WindowsPowerShell\v1.0\;C:\Windows\System32\OpenSSH\;C:\Program Files (x86)\Intel\Intel(R) Management Engine Components\DAL;C:\Program Files\Intel\Intel(R) Management Engine Components\DAL;C:\Dev\Git\cmd;C:\Program Files\PuTTY\;C:\Dev\TortoiseGit\bin;C:\Dev\apache-maven-3.6.0\bin\;C:\Program Files\Java\jdk1.8.0_201\bin\;C:\Program Files\Intel\WiFi\bin\;C:\Program Files\Common Files\Intel\WirelessCommon\;C:\Dev\nodeJs\;C:\Users\s.atanasov\AppData\Local\Microsoft\WindowsApps;C:\Dev\IntelliJ IDEA 2018.3.5\bin;C:\Users\s.atanasov\AppData\Roaming\npm;C:\Users\s.atanasov\AppData\Local\GitHubDesktop\bin;."/>
    <property name="java.vm.info" value="mixed mode"/>
    <property name="java.vendor" value="Oracle Corporation"/>
    <property name="java.vm.version" value="25.201-b09"/>
    <property name="java.ext.dirs" value="C:\Program Files\Java\jdk1.8.0_201\jre\lib\ext;C:\Windows\Sun\Java\lib\ext"/>
    <property name="sun.io.unicode.encoding" value="UnicodeLittle"/>
    <property name="java.class.version" value="52.0"/>
  </properties>
  <testcase name="contextLoads" classname="com.example.SpringWebDemo.SpringWebDemoApplicationTests" time="0.001">
    <error message="Failed to load ApplicationContext" type="java.lang.IllegalStateException">java.lang.IllegalStateException: Failed to load ApplicationContext
Caused by: org.springframework.beans.factory.BeanCreationException: 
Error creating bean with name 'flywayInitializer' defined in class path resource [org/springframework/boot/autoconfigure/flyway/FlywayAutoConfiguration$FlywayConfiguration.class]: Invocation of init method failed; nested exception is org.flywaydb.core.internal.exception.FlywaySqlException: 
Unable to obtain connection from database: Database may be already in use: null. Possible solutions: close all other connection(s); use the server mode [90020-199]
-------------------------------------------------------------------------------------------------------------------------------------------------------------------
SQL State  : 90020
Error Code : 90020
Message    : Database may be already in use: null. Possible solutions: close all other connection(s); use the server mode [90020-199]

Caused by: org.flywaydb.core.internal.exception.FlywaySqlException: 

Unable to obtain connection from database: Database may be already in use: null. Possible solutions: close all other connection(s); use the server mode [90020-199]
-------------------------------------------------------------------------------------------------------------------------------------------------------------------
SQL State  : 90020
Error Code : 90020
Message    : Database may be already in use: null. Possible solutions: close all other connection(s); use the server mode [90020-199]

Caused by: org.h2.jdbc.JdbcSQLNonTransientConnectionException: Database may be already in use: null. Possible solutions: close all other connection(s); use the server mode [90020-199]
Caused by: java.lang.IllegalStateException: The file is locked: nio:C:/Users/s.atanasov/spring_web.mv.db [1.4.199/7]
</error>
    <system-out><![CDATA[16:41:39.386 [main] DEBUG org.springframework.test.context.junit4.SpringJUnit4ClassRunner - SpringJUnit4ClassRunner constructor called with [class com.example.SpringWebDemo.SpringWebDemoApplicationTests]
16:41:39.391 [main] DEBUG org.springframework.test.context.BootstrapUtils - Instantiating CacheAwareContextLoaderDelegate from class [org.springframework.test.context.cache.DefaultCacheAwareContextLoaderDelegate]
16:41:39.401 [main] DEBUG org.springframework.test.context.BootstrapUtils - Instantiating BootstrapContext using constructor [public org.springframework.test.context.support.DefaultBootstrapContext(java.lang.Class,org.springframework.test.context.CacheAwareContextLoaderDelegate)]
16:41:39.427 [main] DEBUG org.springframework.test.context.BootstrapUtils - Instantiating TestContextBootstrapper for test class [com.example.SpringWebDemo.SpringWebDemoApplicationTests] from class [org.springframework.boot.test.context.SpringBootTestContextBootstrapper]
16:41:39.445 [main] INFO org.springframework.boot.test.context.SpringBootTestContextBootstrapper - Neither @ContextConfiguration nor @ContextHierarchy found for test class [com.example.SpringWebDemo.SpringWebDemoApplicationTests], using SpringBootContextLoader
16:41:39.450 [main] DEBUG org.springframework.test.context.support.AbstractContextLoader - Did not detect default resource location for test class [com.example.SpringWebDemo.SpringWebDemoApplicationTests]: class path resource [com/example/SpringWebDemo/SpringWebDemoApplicationTests-context.xml] does not exist
16:41:39.450 [main] DEBUG org.springframework.test.context.support.AbstractContextLoader - Did not detect default resource location for test class [com.example.SpringWebDemo.SpringWebDemoApplicationTests]: class path resource [com/example/SpringWebDemo/SpringWebDemoApplicationTestsContext.groovy] does not exist
16:41:39.450 [main] INFO org.springframework.test.context.support.AbstractContextLoader - Could not detect default resource locations for test class [com.example.SpringWebDemo.SpringWebDemoApplicationTests]: no resource found for suffixes {-context.xml, Context.groovy}.
16:41:39.451 [main] INFO org.springframework.test.context.support.AnnotationConfigContextLoaderUtils - Could not detect default configuration classes for test class [com.example.SpringWebDemo.SpringWebDemoApplicationTests]: SpringWebDemoApplicationTests does not declare any static, non-private, non-final, nested classes annotated with @Configuration.
16:41:39.500 [main] DEBUG org.springframework.test.context.support.ActiveProfilesUtils - Could not find an 'annotation declaring class' for annotation type [org.springframework.test.context.ActiveProfiles] and class [com.example.SpringWebDemo.SpringWebDemoApplicationTests]
16:41:39.582 [main] DEBUG org.springframework.context.annotation.ClassPathScanningCandidateComponentProvider - Identified candidate component class: file [C:\Dev\myProjects\SpringWebDemo\target\classes\com\example\SpringWebDemo\SpringWebDemoApplication.class]
16:41:39.583 [main] INFO org.springframework.boot.test.context.SpringBootTestContextBootstrapper - Found @SpringBootConfiguration com.example.SpringWebDemo.SpringWebDemoApplication for test class com.example.SpringWebDemo.SpringWebDemoApplicationTests
16:41:39.667 [main] DEBUG org.springframework.boot.test.context.SpringBootTestContextBootstrapper - @TestExecutionListeners is not present for class [com.example.SpringWebDemo.SpringWebDemoApplicationTests]: using defaults.
16:41:39.667 [main] INFO org.springframework.boot.test.context.SpringBootTestContextBootstrapper - Loaded default TestExecutionListener class names from location [META-INF/spring.factories]: [org.springframework.boot.test.mock.mockito.MockitoTestExecutionListener, org.springframework.boot.test.mock.mockito.ResetMocksTestExecutionListener, org.springframework.boot.test.autoconfigure.restdocs.RestDocsTestExecutionListener, org.springframework.boot.test.autoconfigure.web.client.MockRestServiceServerResetTestExecutionListener, org.springframework.boot.test.autoconfigure.web.servlet.MockMvcPrintOnlyOnFailureTestExecutionListener, org.springframework.boot.test.autoconfigure.web.servlet.WebDriverTestExecutionListener, org.springframework.test.context.web.ServletTestExecutionListener, org.springframework.test.context.support.DirtiesContextBeforeModesTestExecutionListener, org.springframework.test.context.support.DependencyInjectionTestExecutionListener, org.springframework.test.context.support.DirtiesContextTestExecutionListener, org.springframework.test.context.transaction.TransactionalTestExecutionListener, org.springframework.test.context.jdbc.SqlScriptsTestExecutionListener, org.springframework.security.test.context.support.WithSecurityContextTestExecutionListener, org.springframework.security.test.context.support.ReactorContextTestExecutionListener]
16:41:39.691 [main] INFO org.springframework.boot.test.context.SpringBootTestContextBootstrapper - Using TestExecutionListeners: [org.springframework.test.context.web.ServletTestExecutionListener@44c03695, org.springframework.test.context.support.DirtiesContextBeforeModesTestExecutionListener@7e6f74c, org.springframework.boot.test.mock.mockito.MockitoTestExecutionListener@dd05255, org.springframework.boot.test.autoconfigure.SpringBootDependencyInjectionTestExecutionListener@6a78afa0, org.springframework.test.context.support.DirtiesContextTestExecutionListener@2f4948e4, org.springframework.test.context.transaction.TransactionalTestExecutionListener@1f2586d6, org.springframework.test.context.jdbc.SqlScriptsTestExecutionListener@10683d9d, org.springframework.security.test.context.support.WithSecurityContextTestExecutionListener@3fc2959f, org.springframework.security.test.context.support.ReactorContextTestExecutionListener@5aa9e4eb, org.springframework.boot.test.mock.mockito.ResetMocksTestExecutionListener@6989da5e, org.springframework.boot.test.autoconfigure.restdocs.RestDocsTestExecutionListener@385c9627, org.springframework.boot.test.autoconfigure.web.client.MockRestServiceServerResetTestExecutionListener@139982de, org.springframework.boot.test.autoconfigure.web.servlet.MockMvcPrintOnlyOnFailureTestExecutionListener@682b2fa, org.springframework.boot.test.autoconfigure.web.servlet.WebDriverTestExecutionListener@217ed35e]
16:41:39.692 [main] DEBUG org.springframework.test.annotation.ProfileValueUtils - Retrieved @ProfileValueSourceConfiguration [null] for test class [com.example.SpringWebDemo.SpringWebDemoApplicationTests]
16:41:39.693 [main] DEBUG org.springframework.test.annotation.ProfileValueUtils - Retrieved ProfileValueSource type [class org.springframework.test.annotation.SystemProfileValueSource] for class [com.example.SpringWebDemo.SpringWebDemoApplicationTests]
16:41:39.694 [main] DEBUG org.springframework.test.annotation.ProfileValueUtils - Retrieved @ProfileValueSourceConfiguration [null] for test class [com.example.SpringWebDemo.SpringWebDemoApplicationTests]
16:41:39.694 [main] DEBUG org.springframework.test.annotation.ProfileValueUtils - Retrieved ProfileValueSource type [class org.springframework.test.annotation.SystemProfileValueSource] for class [com.example.SpringWebDemo.SpringWebDemoApplicationTests]
16:41:39.695 [main] DEBUG org.springframework.test.annotation.ProfileValueUtils - Retrieved @ProfileValueSourceConfiguration [null] for test class [com.example.SpringWebDemo.SpringWebDemoApplicationTests]
16:41:39.695 [main] DEBUG org.springframework.test.annotation.ProfileValueUtils - Retrieved ProfileValueSource type [class org.springframework.test.annotation.SystemProfileValueSource] for class [com.example.SpringWebDemo.SpringWebDemoApplicationTests]
16:41:39.704 [main] DEBUG org.springframework.test.context.support.AbstractDirtiesContextTestExecutionListener - Before test class: context [DefaultTestContext@bcec361 testClass = SpringWebDemoApplicationTests, testInstance = [null], testMethod = [null], testException = [null], mergedContextConfiguration = [WebMergedContextConfiguration@26794848 testClass = SpringWebDemoApplicationTests, locations = '{}', classes = '{class com.example.SpringWebDemo.SpringWebDemoApplication}', contextInitializerClasses = '[]', activeProfiles = '{}', propertySourceLocations = '{}', propertySourceProperties = '{org.springframework.boot.test.context.SpringBootTestContextBootstrapper=true}', contextCustomizers = set[org.springframework.boot.test.context.filter.ExcludeFilterContextCustomizer@6eceb130, org.springframework.boot.test.json.DuplicateJsonObjectContextCustomizerFactory$DuplicateJsonObjectContextCustomizer@47db50c5, org.springframework.boot.test.mock.mockito.MockitoContextCustomizer@0, org.springframework.boot.test.web.client.TestRestTemplateContextCustomizer@17211155, org.springframework.boot.test.autoconfigure.properties.PropertyMappingContextCustomizer@0, org.springframework.boot.test.autoconfigure.web.servlet.WebDriverContextCustomizerFactory$Customizer@15b3e5b], resourceBasePath = 'src/main/webapp', contextLoader = 'org.springframework.boot.test.context.SpringBootContextLoader', parent = [null]], attributes = map['org.springframework.test.context.web.ServletTestExecutionListener.activateListener' -> true]], class annotated with @DirtiesContext [false] with mode [null].
16:41:39.705 [main] DEBUG org.springframework.test.annotation.ProfileValueUtils - Retrieved @ProfileValueSourceConfiguration [null] for test class [com.example.SpringWebDemo.SpringWebDemoApplicationTests]
16:41:39.705 [main] DEBUG org.springframework.test.annotation.ProfileValueUtils - Retrieved ProfileValueSource type [class org.springframework.test.annotation.SystemProfileValueSource] for class [com.example.SpringWebDemo.SpringWebDemoApplicationTests]
16:41:39.739 [main] DEBUG org.springframework.test.context.support.TestPropertySourceUtils - Adding inlined properties to environment: {spring.jmx.enabled=false, org.springframework.boot.test.context.SpringBootTestContextBootstrapper=true, server.port=-1}

  .   ____          _            __ _ _
 /\\ / ___'_ __ _ _(_)_ __  __ _ \ \ \ \
( ( )\___ | '_ | '_| | '_ \/ _` | \ \ \ \
 \\/  ___)| |_)| | | | | || (_| |  ) ) ) )
  '  |____| .__|_| |_|_| |_\__, | / / / /
 =========|_|==============|___/=/_/_/_/
 :: Spring Boot ::        (v2.1.6.RELEASE)

2019-07-28 16:41:40.067  INFO 10128 --- [           main] c.e.S.SpringWebDemoApplicationTests      : Starting SpringWebDemoApplicationTests on DESKTOP-2NBER8L with PID 10128 (started by s.atanasov in C:\Dev\myProjects\SpringWebDemo)
2019-07-28 16:41:40.068  INFO 10128 --- [           main] c.e.S.SpringWebDemoApplicationTests      : No active profile set, falling back to default profiles: default
2019-07-28 16:41:40.107 DEBUG 10128 --- [           main] o.s.w.c.s.GenericWebApplicationContext   : Refreshing org.springframework.web.context.support.GenericWebApplicationContext@3de8f619
2019-07-28 16:41:40.578  INFO 10128 --- [           main] .s.d.r.c.RepositoryConfigurationDelegate : Multiple Spring Data modules found, entering strict repository configuration mode!
2019-07-28 16:41:40.579  INFO 10128 --- [           main] .s.d.r.c.RepositoryConfigurationDelegate : Bootstrapping Spring Data repositories in DEFAULT mode.
2019-07-28 16:41:40.635  INFO 10128 --- [           main] .s.d.r.c.RepositoryConfigurationDelegate : Finished Spring Data repository scanning in 48ms. Found 1 repository interfaces.
2019-07-28 16:41:40.773  INFO 10128 --- [           main] .s.d.r.c.RepositoryConfigurationDelegate : Multiple Spring Data modules found, entering strict repository configuration mode!
2019-07-28 16:41:40.774  INFO 10128 --- [           main] .s.d.r.c.RepositoryConfigurationDelegate : Bootstrapping Spring Data repositories in DEFAULT mode.
2019-07-28 16:41:40.789  INFO 10128 --- [           main] .RepositoryConfigurationExtensionSupport : Spring Data LDAP - Could not safely identify store assignment for repository candidate interface com.example.SpringWebDemo.repository.implementations.SpringDataJPA.
2019-07-28 16:41:40.789  INFO 10128 --- [           main] .s.d.r.c.RepositoryConfigurationDelegate : Finished Spring Data repository scanning in 15ms. Found 0 repository interfaces.
2019-07-28 16:41:41.283  INFO 10128 --- [           main] trationDelegate$BeanPostProcessorChecker : Bean 'org.springframework.kafka.annotation.KafkaBootstrapConfiguration' of type [org.springframework.kafka.annotation.KafkaBootstrapConfiguration$$EnhancerBySpringCGLIB$$d3e2edeb] is not eligible for getting processed by all BeanPostProcessors (for example: not eligible for auto-proxying)
2019-07-28 16:41:41.339  INFO 10128 --- [           main] trationDelegate$BeanPostProcessorChecker : Bean 'org.springframework.transaction.annotation.ProxyTransactionManagementConfiguration' of type [org.springframework.transaction.annotation.ProxyTransactionManagementConfiguration$$EnhancerBySpringCGLIB$$30dc68] is not eligible for getting processed by all BeanPostProcessors (for example: not eligible for auto-proxying)
2019-07-28 16:41:41.552  INFO 10128 --- [           main] o.f.c.internal.license.VersionPrinter    : Flyway Community Edition 5.2.4 by Boxfuse
2019-07-28 16:41:41.561  INFO 10128 --- [           main] com.zaxxer.hikari.HikariDataSource       : HikariPool-1 - Starting...
2019-07-28 16:41:42.717 ERROR 10128 --- [           main] com.zaxxer.hikari.pool.HikariPool        : HikariPool-1 - Exception during pool initialization.

org.h2.jdbc.JdbcSQLNonTransientConnectionException: Database may be already in use: null. Possible solutions: close all other connection(s); use the server mode [90020-199]
	at org.h2.message.DbException.getJdbcSQLException(DbException.java:617) ~[h2-1.4.199.jar:1.4.199]
	at org.h2.message.DbException.getJdbcSQLException(DbException.java:427) ~[h2-1.4.199.jar:1.4.199]
	at org.h2.message.DbException.get(DbException.java:194) ~[h2-1.4.199.jar:1.4.199]
	at org.h2.mvstore.db.MVTableEngine$Store.convertIllegalStateException(MVTableEngine.java:193) ~[h2-1.4.199.jar:1.4.199]
	at org.h2.mvstore.db.MVTableEngine$Store.open(MVTableEngine.java:173) ~[h2-1.4.199.jar:1.4.199]
	at org.h2.mvstore.db.MVTableEngine.init(MVTableEngine.java:95) ~[h2-1.4.199.jar:1.4.199]
	at org.h2.engine.Database.getPageStore(Database.java:2739) ~[h2-1.4.199.jar:1.4.199]
	at org.h2.engine.Database.open(Database.java:769) ~[h2-1.4.199.jar:1.4.199]
	at org.h2.engine.Database.openDatabase(Database.java:319) ~[h2-1.4.199.jar:1.4.199]
	at org.h2.engine.Database.<init>(Database.java:313) ~[h2-1.4.199.jar:1.4.199]
	at org.h2.engine.Engine.openSession(Engine.java:69) ~[h2-1.4.199.jar:1.4.199]
	at org.h2.engine.Engine.openSession(Engine.java:201) ~[h2-1.4.199.jar:1.4.199]
	at org.h2.engine.Engine.createSessionAndValidate(Engine.java:178) ~[h2-1.4.199.jar:1.4.199]
	at org.h2.engine.Engine.createSession(Engine.java:161) ~[h2-1.4.199.jar:1.4.199]
	at org.h2.engine.Engine.createSession(Engine.java:31) ~[h2-1.4.199.jar:1.4.199]
	at org.h2.engine.SessionRemote.connectEmbeddedOrServer(SessionRemote.java:336) ~[h2-1.4.199.jar:1.4.199]
	at org.h2.jdbc.JdbcConnection.<init>(JdbcConnection.java:169) ~[h2-1.4.199.jar:1.4.199]
	at org.h2.jdbc.JdbcConnection.<init>(JdbcConnection.java:148) ~[h2-1.4.199.jar:1.4.199]
	at org.h2.Driver.connect(Driver.java:69) ~[h2-1.4.199.jar:1.4.199]
	at com.zaxxer.hikari.util.DriverDataSource.getConnection(DriverDataSource.java:136) ~[HikariCP-3.2.0.jar:na]
	at com.zaxxer.hikari.pool.PoolBase.newConnection(PoolBase.java:369) ~[HikariCP-3.2.0.jar:na]
	at com.zaxxer.hikari.pool.PoolBase.newPoolEntry(PoolBase.java:198) ~[HikariCP-3.2.0.jar:na]
	at com.zaxxer.hikari.pool.HikariPool.createPoolEntry(HikariPool.java:467) [HikariCP-3.2.0.jar:na]
	at com.zaxxer.hikari.pool.HikariPool.checkFailFast(HikariPool.java:541) [HikariCP-3.2.0.jar:na]
	at com.zaxxer.hikari.pool.HikariPool.<init>(HikariPool.java:115) [HikariCP-3.2.0.jar:na]
	at com.zaxxer.hikari.HikariDataSource.getConnection(HikariDataSource.java:112) [HikariCP-3.2.0.jar:na]
	at org.flywaydb.core.internal.jdbc.JdbcUtils.openConnection(JdbcUtils.java:56) [flyway-core-5.2.4.jar:na]
	at org.flywaydb.core.internal.database.DatabaseFactory.createDatabase(DatabaseFactory.java:72) [flyway-core-5.2.4.jar:na]
	at org.flywaydb.core.Flyway.execute(Flyway.java:1670) [flyway-core-5.2.4.jar:na]
	at org.flywaydb.core.Flyway.migrate(Flyway.java:1356) [flyway-core-5.2.4.jar:na]
	at org.springframework.boot.autoconfigure.flyway.FlywayMigrationInitializer.afterPropertiesSet(FlywayMigrationInitializer.java:65) [spring-boot-autoconfigure-2.1.6.RELEASE.jar:2.1.6.RELEASE]
	at org.springframework.beans.factory.support.AbstractAutowireCapableBeanFactory.invokeInitMethods(AbstractAutowireCapableBeanFactory.java:1837) [spring-beans-5.1.8.RELEASE.jar:5.1.8.RELEASE]
	at org.springframework.beans.factory.support.AbstractAutowireCapableBeanFactory.initializeBean(AbstractAutowireCapableBeanFactory.java:1774) [spring-beans-5.1.8.RELEASE.jar:5.1.8.RELEASE]
	at org.springframework.beans.factory.support.AbstractAutowireCapableBeanFactory.doCreateBean(AbstractAutowireCapableBeanFactory.java:593) [spring-beans-5.1.8.RELEASE.jar:5.1.8.RELEASE]
	at org.springframework.beans.factory.support.AbstractAutowireCapableBeanFactory.createBean(AbstractAutowireCapableBeanFactory.java:515) [spring-beans-5.1.8.RELEASE.jar:5.1.8.RELEASE]
	at org.springframework.beans.factory.support.AbstractBeanFactory.lambda$doGetBean$0(AbstractBeanFactory.java:320) [spring-beans-5.1.8.RELEASE.jar:5.1.8.RELEASE]
	at org.springframework.beans.factory.support.DefaultSingletonBeanRegistry.getSingleton(DefaultSingletonBeanRegistry.java:222) ~[spring-beans-5.1.8.RELEASE.jar:5.1.8.RELEASE]
	at org.springframework.beans.factory.support.AbstractBeanFactory.doGetBean(AbstractBeanFactory.java:318) [spring-beans-5.1.8.RELEASE.jar:5.1.8.RELEASE]
	at org.springframework.beans.factory.support.AbstractBeanFactory.getBean(AbstractBeanFactory.java:199) [spring-beans-5.1.8.RELEASE.jar:5.1.8.RELEASE]
	at org.springframework.beans.factory.support.AbstractBeanFactory.doGetBean(AbstractBeanFactory.java:307) [spring-beans-5.1.8.RELEASE.jar:5.1.8.RELEASE]
	at org.springframework.beans.factory.support.AbstractBeanFactory.getBean(AbstractBeanFactory.java:199) [spring-beans-5.1.8.RELEASE.jar:5.1.8.RELEASE]
	at org.springframework.context.support.AbstractApplicationContext.getBean(AbstractApplicationContext.java:1105) ~[spring-context-5.1.8.RELEASE.jar:5.1.8.RELEASE]
	at org.springframework.context.support.AbstractApplicationContext.finishBeanFactoryInitialization(AbstractApplicationContext.java:867) ~[spring-context-5.1.8.RELEASE.jar:5.1.8.RELEASE]
	at org.springframework.context.support.AbstractApplicationContext.refresh(AbstractApplicationContext.java:549) ~[spring-context-5.1.8.RELEASE.jar:5.1.8.RELEASE]
	at org.springframework.boot.SpringApplication.refresh(SpringApplication.java:742) ~[spring-boot-2.1.6.RELEASE.jar:2.1.6.RELEASE]
	at org.springframework.boot.SpringApplication.refreshContext(SpringApplication.java:389) ~[spring-boot-2.1.6.RELEASE.jar:2.1.6.RELEASE]
	at org.springframework.boot.SpringApplication.run(SpringApplication.java:311) ~[spring-boot-2.1.6.RELEASE.jar:2.1.6.RELEASE]
	at org.springframework.boot.test.context.SpringBootContextLoader.loadContext(SpringBootContextLoader.java:119) ~[spring-boot-test-2.1.6.RELEASE.jar:2.1.6.RELEASE]
	at org.springframework.test.context.cache.DefaultCacheAwareContextLoaderDelegate.loadContextInternal(DefaultCacheAwareContextLoaderDelegate.java:99) ~[spring-test-5.1.8.RELEASE.jar:5.1.8.RELEASE]
	at org.springframework.test.context.cache.DefaultCacheAwareContextLoaderDelegate.loadContext(DefaultCacheAwareContextLoaderDelegate.java:117) ~[spring-test-5.1.8.RELEASE.jar:5.1.8.RELEASE]
	at org.springframework.test.context.support.DefaultTestContext.getApplicationContext(DefaultTestContext.java:108) ~[spring-test-5.1.8.RELEASE.jar:5.1.8.RELEASE]
	at org.springframework.test.context.web.ServletTestExecutionListener.setUpRequestContextIfNecessary(ServletTestExecutionListener.java:190) ~[spring-test-5.1.8.RELEASE.jar:5.1.8.RELEASE]
	at org.springframework.test.context.web.ServletTestExecutionListener.prepareTestInstance(ServletTestExecutionListener.java:132) ~[spring-test-5.1.8.RELEASE.jar:5.1.8.RELEASE]
	at org.springframework.test.context.TestContextManager.prepareTestInstance(TestContextManager.java:246) ~[spring-test-5.1.8.RELEASE.jar:5.1.8.RELEASE]
	at org.springframework.test.context.junit4.SpringJUnit4ClassRunner.createTest(SpringJUnit4ClassRunner.java:227) ~[spring-test-5.1.8.RELEASE.jar:5.1.8.RELEASE]
	at org.springframework.test.context.junit4.SpringJUnit4ClassRunner$1.runReflectiveCall(SpringJUnit4ClassRunner.java:289) ~[spring-test-5.1.8.RELEASE.jar:5.1.8.RELEASE]
	at org.junit.internal.runners.model.ReflectiveCallable.run(ReflectiveCallable.java:12) ~[junit-4.12.jar:4.12]
	at org.springframework.test.context.junit4.SpringJUnit4ClassRunner.methodBlock(SpringJUnit4ClassRunner.java:291) ~[spring-test-5.1.8.RELEASE.jar:5.1.8.RELEASE]
	at org.springframework.test.context.junit4.SpringJUnit4ClassRunner.runChild(SpringJUnit4ClassRunner.java:246) ~[spring-test-5.1.8.RELEASE.jar:5.1.8.RELEASE]
	at org.springframework.test.context.junit4.SpringJUnit4ClassRunner.runChild(SpringJUnit4ClassRunner.java:97) ~[spring-test-5.1.8.RELEASE.jar:5.1.8.RELEASE]
	at org.junit.runners.ParentRunner$3.run(ParentRunner.java:290) ~[junit-4.12.jar:4.12]
	at org.junit.runners.ParentRunner$1.schedule(ParentRunner.java:71) ~[junit-4.12.jar:4.12]
	at org.junit.runners.ParentRunner.runChildren(ParentRunner.java:288) ~[junit-4.12.jar:4.12]
	at org.junit.runners.ParentRunner.access$000(ParentRunner.java:58) ~[junit-4.12.jar:4.12]
	at org.junit.runners.ParentRunner$2.evaluate(ParentRunner.java:268) ~[junit-4.12.jar:4.12]
	at org.springframework.test.context.junit4.statements.RunBeforeTestClassCallbacks.evaluate(RunBeforeTestClassCallbacks.java:61) ~[spring-test-5.1.8.RELEASE.jar:5.1.8.RELEASE]
	at org.springframework.test.context.junit4.statements.RunAfterTestClassCallbacks.evaluate(RunAfterTestClassCallbacks.java:70) ~[spring-test-5.1.8.RELEASE.jar:5.1.8.RELEASE]
	at org.junit.runners.ParentRunner.run(ParentRunner.java:363) ~[junit-4.12.jar:4.12]
	at org.springframework.test.context.junit4.SpringJUnit4ClassRunner.run(SpringJUnit4ClassRunner.java:190) ~[spring-test-5.1.8.RELEASE.jar:5.1.8.RELEASE]
	at org.apache.maven.surefire.junit4.JUnit4Provider.execute(JUnit4Provider.java:365) ~[surefire-junit4-2.22.2.jar:2.22.2]
	at org.apache.maven.surefire.junit4.JUnit4Provider.executeWithRerun(JUnit4Provider.java:273) ~[surefire-junit4-2.22.2.jar:2.22.2]
	at org.apache.maven.surefire.junit4.JUnit4Provider.executeTestSet(JUnit4Provider.java:238) ~[surefire-junit4-2.22.2.jar:2.22.2]
	at org.apache.maven.surefire.junit4.JUnit4Provider.invoke(JUnit4Provider.java:159) ~[surefire-junit4-2.22.2.jar:2.22.2]
	at org.apache.maven.surefire.booter.ForkedBooter.invokeProviderInSameClassLoader(ForkedBooter.java:384) ~[surefire-booter-2.22.2.jar:2.22.2]
	at org.apache.maven.surefire.booter.ForkedBooter.runSuitesInProcess(ForkedBooter.java:345) ~[surefire-booter-2.22.2.jar:2.22.2]
	at org.apache.maven.surefire.booter.ForkedBooter.execute(ForkedBooter.java:126) ~[surefire-booter-2.22.2.jar:2.22.2]
	at org.apache.maven.surefire.booter.ForkedBooter.main(ForkedBooter.java:418) ~[surefire-booter-2.22.2.jar:2.22.2]
Caused by: java.lang.IllegalStateException: The file is locked: nio:C:/Users/s.atanasov/spring_web.mv.db [1.4.199/7]
	at org.h2.mvstore.DataUtils.newIllegalStateException(DataUtils.java:883) ~[h2-1.4.199.jar:1.4.199]
	at org.h2.mvstore.FileStore.open(FileStore.java:172) ~[h2-1.4.199.jar:1.4.199]
	at org.h2.mvstore.MVStore.<init>(MVStore.java:390) ~[h2-1.4.199.jar:1.4.199]
	at org.h2.mvstore.MVStore$Builder.open(MVStore.java:3343) ~[h2-1.4.199.jar:1.4.199]
	at org.h2.mvstore.db.MVTableEngine$Store.open(MVTableEngine.java:162) ~[h2-1.4.199.jar:1.4.199]
	... 72 common frames omitted

2019-07-28 16:41:42.720  WARN 10128 --- [           main] o.s.w.c.s.GenericWebApplicationContext   : Exception encountered during context initialization - cancelling refresh attempt: org.springframework.beans.factory.BeanCreationException: Error creating bean with name 'flywayInitializer' defined in class path resource [org/springframework/boot/autoconfigure/flyway/FlywayAutoConfiguration$FlywayConfiguration.class]: Invocation of init method failed; nested exception is org.flywaydb.core.internal.exception.FlywaySqlException: 
Unable to obtain connection from database: Database may be already in use: null. Possible solutions: close all other connection(s); use the server mode [90020-199]
-------------------------------------------------------------------------------------------------------------------------------------------------------------------
SQL State  : 90020
Error Code : 90020
Message    : Database may be already in use: null. Possible solutions: close all other connection(s); use the server mode [90020-199]

2019-07-28 16:41:42.734  INFO 10128 --- [           main] ConditionEvaluationReportLoggingListener : 

Error starting ApplicationContext. To display the conditions report re-run your application with 'debug' enabled.
2019-07-28 16:41:42.738 ERROR 10128 --- [           main] o.s.boot.SpringApplication               : Application run failed

org.springframework.beans.factory.BeanCreationException: Error creating bean with name 'flywayInitializer' defined in class path resource [org/springframework/boot/autoconfigure/flyway/FlywayAutoConfiguration$FlywayConfiguration.class]: Invocation of init method failed; nested exception is org.flywaydb.core.internal.exception.FlywaySqlException: 
Unable to obtain connection from database: Database may be already in use: null. Possible solutions: close all other connection(s); use the server mode [90020-199]
-------------------------------------------------------------------------------------------------------------------------------------------------------------------
SQL State  : 90020
Error Code : 90020
Message    : Database may be already in use: null. Possible solutions: close all other connection(s); use the server mode [90020-199]

	at org.springframework.beans.factory.support.AbstractAutowireCapableBeanFactory.initializeBean(AbstractAutowireCapableBeanFactory.java:1778) ~[spring-beans-5.1.8.RELEASE.jar:5.1.8.RELEASE]
	at org.springframework.beans.factory.support.AbstractAutowireCapableBeanFactory.doCreateBean(AbstractAutowireCapableBeanFactory.java:593) ~[spring-beans-5.1.8.RELEASE.jar:5.1.8.RELEASE]
	at org.springframework.beans.factory.support.AbstractAutowireCapableBeanFactory.createBean(AbstractAutowireCapableBeanFactory.java:515) ~[spring-beans-5.1.8.RELEASE.jar:5.1.8.RELEASE]
	at org.springframework.beans.factory.support.AbstractBeanFactory.lambda$doGetBean$0(AbstractBeanFactory.java:320) ~[spring-beans-5.1.8.RELEASE.jar:5.1.8.RELEASE]
	at org.springframework.beans.factory.support.DefaultSingletonBeanRegistry.getSingleton(DefaultSingletonBeanRegistry.java:222) ~[spring-beans-5.1.8.RELEASE.jar:5.1.8.RELEASE]
	at org.springframework.beans.factory.support.AbstractBeanFactory.doGetBean(AbstractBeanFactory.java:318) ~[spring-beans-5.1.8.RELEASE.jar:5.1.8.RELEASE]
	at org.springframework.beans.factory.support.AbstractBeanFactory.getBean(AbstractBeanFactory.java:199) ~[spring-beans-5.1.8.RELEASE.jar:5.1.8.RELEASE]
	at org.springframework.beans.factory.support.AbstractBeanFactory.doGetBean(AbstractBeanFactory.java:307) ~[spring-beans-5.1.8.RELEASE.jar:5.1.8.RELEASE]
	at org.springframework.beans.factory.support.AbstractBeanFactory.getBean(AbstractBeanFactory.java:199) ~[spring-beans-5.1.8.RELEASE.jar:5.1.8.RELEASE]
	at org.springframework.context.support.AbstractApplicationContext.getBean(AbstractApplicationContext.java:1105) ~[spring-context-5.1.8.RELEASE.jar:5.1.8.RELEASE]
	at org.springframework.context.support.AbstractApplicationContext.finishBeanFactoryInitialization(AbstractApplicationContext.java:867) ~[spring-context-5.1.8.RELEASE.jar:5.1.8.RELEASE]
	at org.springframework.context.support.AbstractApplicationContext.refresh(AbstractApplicationContext.java:549) ~[spring-context-5.1.8.RELEASE.jar:5.1.8.RELEASE]
	at org.springframework.boot.SpringApplication.refresh(SpringApplication.java:742) ~[spring-boot-2.1.6.RELEASE.jar:2.1.6.RELEASE]
	at org.springframework.boot.SpringApplication.refreshContext(SpringApplication.java:389) ~[spring-boot-2.1.6.RELEASE.jar:2.1.6.RELEASE]
	at org.springframework.boot.SpringApplication.run(SpringApplication.java:311) ~[spring-boot-2.1.6.RELEASE.jar:2.1.6.RELEASE]
	at org.springframework.boot.test.context.SpringBootContextLoader.loadContext(SpringBootContextLoader.java:119) [spring-boot-test-2.1.6.RELEASE.jar:2.1.6.RELEASE]
	at org.springframework.test.context.cache.DefaultCacheAwareContextLoaderDelegate.loadContextInternal(DefaultCacheAwareContextLoaderDelegate.java:99) [spring-test-5.1.8.RELEASE.jar:5.1.8.RELEASE]
	at org.springframework.test.context.cache.DefaultCacheAwareContextLoaderDelegate.loadContext(DefaultCacheAwareContextLoaderDelegate.java:117) [spring-test-5.1.8.RELEASE.jar:5.1.8.RELEASE]
	at org.springframework.test.context.support.DefaultTestContext.getApplicationContext(DefaultTestContext.java:108) [spring-test-5.1.8.RELEASE.jar:5.1.8.RELEASE]
	at org.springframework.test.context.web.ServletTestExecutionListener.setUpRequestContextIfNecessary(ServletTestExecutionListener.java:190) [spring-test-5.1.8.RELEASE.jar:5.1.8.RELEASE]
	at org.springframework.test.context.web.ServletTestExecutionListener.prepareTestInstance(ServletTestExecutionListener.java:132) [spring-test-5.1.8.RELEASE.jar:5.1.8.RELEASE]
	at org.springframework.test.context.TestContextManager.prepareTestInstance(TestContextManager.java:246) [spring-test-5.1.8.RELEASE.jar:5.1.8.RELEASE]
	at org.springframework.test.context.junit4.SpringJUnit4ClassRunner.createTest(SpringJUnit4ClassRunner.java:227) [spring-test-5.1.8.RELEASE.jar:5.1.8.RELEASE]
	at org.springframework.test.context.junit4.SpringJUnit4ClassRunner$1.runReflectiveCall(SpringJUnit4ClassRunner.java:289) [spring-test-5.1.8.RELEASE.jar:5.1.8.RELEASE]
	at org.junit.internal.runners.model.ReflectiveCallable.run(ReflectiveCallable.java:12) [junit-4.12.jar:4.12]
	at org.springframework.test.context.junit4.SpringJUnit4ClassRunner.methodBlock(SpringJUnit4ClassRunner.java:291) [spring-test-5.1.8.RELEASE.jar:5.1.8.RELEASE]
	at org.springframework.test.context.junit4.SpringJUnit4ClassRunner.runChild(SpringJUnit4ClassRunner.java:246) [spring-test-5.1.8.RELEASE.jar:5.1.8.RELEASE]
	at org.springframework.test.context.junit4.SpringJUnit4ClassRunner.runChild(SpringJUnit4ClassRunner.java:97) [spring-test-5.1.8.RELEASE.jar:5.1.8.RELEASE]
	at org.junit.runners.ParentRunner$3.run(ParentRunner.java:290) [junit-4.12.jar:4.12]
	at org.junit.runners.ParentRunner$1.schedule(ParentRunner.java:71) [junit-4.12.jar:4.12]
	at org.junit.runners.ParentRunner.runChildren(ParentRunner.java:288) [junit-4.12.jar:4.12]
	at org.junit.runners.ParentRunner.access$000(ParentRunner.java:58) [junit-4.12.jar:4.12]
	at org.junit.runners.ParentRunner$2.evaluate(ParentRunner.java:268) [junit-4.12.jar:4.12]
	at org.springframework.test.context.junit4.statements.RunBeforeTestClassCallbacks.evaluate(RunBeforeTestClassCallbacks.java:61) [spring-test-5.1.8.RELEASE.jar:5.1.8.RELEASE]
	at org.springframework.test.context.junit4.statements.RunAfterTestClassCallbacks.evaluate(RunAfterTestClassCallbacks.java:70) [spring-test-5.1.8.RELEASE.jar:5.1.8.RELEASE]
	at org.junit.runners.ParentRunner.run(ParentRunner.java:363) [junit-4.12.jar:4.12]
	at org.springframework.test.context.junit4.SpringJUnit4ClassRunner.run(SpringJUnit4ClassRunner.java:190) [spring-test-5.1.8.RELEASE.jar:5.1.8.RELEASE]
	at org.apache.maven.surefire.junit4.JUnit4Provider.execute(JUnit4Provider.java:365) [surefire-junit4-2.22.2.jar:2.22.2]
	at org.apache.maven.surefire.junit4.JUnit4Provider.executeWithRerun(JUnit4Provider.java:273) [surefire-junit4-2.22.2.jar:2.22.2]
	at org.apache.maven.surefire.junit4.JUnit4Provider.executeTestSet(JUnit4Provider.java:238) [surefire-junit4-2.22.2.jar:2.22.2]
	at org.apache.maven.surefire.junit4.JUnit4Provider.invoke(JUnit4Provider.java:159) [surefire-junit4-2.22.2.jar:2.22.2]
	at org.apache.maven.surefire.booter.ForkedBooter.invokeProviderInSameClassLoader(ForkedBooter.java:384) [surefire-booter-2.22.2.jar:2.22.2]
	at org.apache.maven.surefire.booter.ForkedBooter.runSuitesInProcess(ForkedBooter.java:345) [surefire-booter-2.22.2.jar:2.22.2]
	at org.apache.maven.surefire.booter.ForkedBooter.execute(ForkedBooter.java:126) [surefire-booter-2.22.2.jar:2.22.2]
	at org.apache.maven.surefire.booter.ForkedBooter.main(ForkedBooter.java:418) [surefire-booter-2.22.2.jar:2.22.2]
Caused by: org.flywaydb.core.internal.exception.FlywaySqlException: 
Unable to obtain connection from database: Database may be already in use: null. Possible solutions: close all other connection(s); use the server mode [90020-199]
-------------------------------------------------------------------------------------------------------------------------------------------------------------------
SQL State  : 90020
Error Code : 90020
Message    : Database may be already in use: null. Possible solutions: close all other connection(s); use the server mode [90020-199]

	at org.flywaydb.core.internal.jdbc.JdbcUtils.openConnection(JdbcUtils.java:60) ~[flyway-core-5.2.4.jar:na]
	at org.flywaydb.core.internal.database.DatabaseFactory.createDatabase(DatabaseFactory.java:72) ~[flyway-core-5.2.4.jar:na]
	at org.flywaydb.core.Flyway.execute(Flyway.java:1670) ~[flyway-core-5.2.4.jar:na]
	at org.flywaydb.core.Flyway.migrate(Flyway.java:1356) ~[flyway-core-5.2.4.jar:na]
	at org.springframework.boot.autoconfigure.flyway.FlywayMigrationInitializer.afterPropertiesSet(FlywayMigrationInitializer.java:65) ~[spring-boot-autoconfigure-2.1.6.RELEASE.jar:2.1.6.RELEASE]
	at org.springframework.beans.factory.support.AbstractAutowireCapableBeanFactory.invokeInitMethods(AbstractAutowireCapableBeanFactory.java:1837) ~[spring-beans-5.1.8.RELEASE.jar:5.1.8.RELEASE]
	at org.springframework.beans.factory.support.AbstractAutowireCapableBeanFactory.initializeBean(AbstractAutowireCapableBeanFactory.java:1774) ~[spring-beans-5.1.8.RELEASE.jar:5.1.8.RELEASE]
	... 44 common frames omitted
Caused by: org.h2.jdbc.JdbcSQLNonTransientConnectionException: Database may be already in use: null. Possible solutions: close all other connection(s); use the server mode [90020-199]
	at org.h2.message.DbException.getJdbcSQLException(DbException.java:617) ~[h2-1.4.199.jar:1.4.199]
	at org.h2.message.DbException.getJdbcSQLException(DbException.java:427) ~[h2-1.4.199.jar:1.4.199]
	at org.h2.message.DbException.get(DbException.java:194) ~[h2-1.4.199.jar:1.4.199]
	at org.h2.mvstore.db.MVTableEngine$Store.convertIllegalStateException(MVTableEngine.java:193) ~[h2-1.4.199.jar:1.4.199]
	at org.h2.mvstore.db.MVTableEngine$Store.open(MVTableEngine.java:173) ~[h2-1.4.199.jar:1.4.199]
	at org.h2.mvstore.db.MVTableEngine.init(MVTableEngine.java:95) ~[h2-1.4.199.jar:1.4.199]
	at org.h2.engine.Database.getPageStore(Database.java:2739) ~[h2-1.4.199.jar:1.4.199]
	at org.h2.engine.Database.open(Database.java:769) ~[h2-1.4.199.jar:1.4.199]
	at org.h2.engine.Database.openDatabase(Database.java:319) ~[h2-1.4.199.jar:1.4.199]
	at org.h2.engine.Database.<init>(Database.java:313) ~[h2-1.4.199.jar:1.4.199]
	at org.h2.engine.Engine.openSession(Engine.java:69) ~[h2-1.4.199.jar:1.4.199]
	at org.h2.engine.Engine.openSession(Engine.java:201) ~[h2-1.4.199.jar:1.4.199]
	at org.h2.engine.Engine.createSessionAndValidate(Engine.java:178) ~[h2-1.4.199.jar:1.4.199]
	at org.h2.engine.Engine.createSession(Engine.java:161) ~[h2-1.4.199.jar:1.4.199]
	at org.h2.engine.Engine.createSession(Engine.java:31) ~[h2-1.4.199.jar:1.4.199]
	at org.h2.engine.SessionRemote.connectEmbeddedOrServer(SessionRemote.java:336) ~[h2-1.4.199.jar:1.4.199]
	at org.h2.jdbc.JdbcConnection.<init>(JdbcConnection.java:169) ~[h2-1.4.199.jar:1.4.199]
	at org.h2.jdbc.JdbcConnection.<init>(JdbcConnection.java:148) ~[h2-1.4.199.jar:1.4.199]
	at org.h2.Driver.connect(Driver.java:69) ~[h2-1.4.199.jar:1.4.199]
	at com.zaxxer.hikari.util.DriverDataSource.getConnection(DriverDataSource.java:136) ~[HikariCP-3.2.0.jar:na]
	at com.zaxxer.hikari.pool.PoolBase.newConnection(PoolBase.java:369) ~[HikariCP-3.2.0.jar:na]
	at com.zaxxer.hikari.pool.PoolBase.newPoolEntry(PoolBase.java:198) ~[HikariCP-3.2.0.jar:na]
	at com.zaxxer.hikari.pool.HikariPool.createPoolEntry(HikariPool.java:467) ~[HikariCP-3.2.0.jar:na]
	at com.zaxxer.hikari.pool.HikariPool.checkFailFast(HikariPool.java:541) ~[HikariCP-3.2.0.jar:na]
	at com.zaxxer.hikari.pool.HikariPool.<init>(HikariPool.java:115) ~[HikariCP-3.2.0.jar:na]
	at com.zaxxer.hikari.HikariDataSource.getConnection(HikariDataSource.java:112) ~[HikariCP-3.2.0.jar:na]
	at org.flywaydb.core.internal.jdbc.JdbcUtils.openConnection(JdbcUtils.java:56) ~[flyway-core-5.2.4.jar:na]
	... 50 common frames omitted
Caused by: java.lang.IllegalStateException: The file is locked: nio:C:/Users/s.atanasov/spring_web.mv.db [1.4.199/7]
	at org.h2.mvstore.DataUtils.newIllegalStateException(DataUtils.java:883) ~[h2-1.4.199.jar:1.4.199]
	at org.h2.mvstore.FileStore.open(FileStore.java:172) ~[h2-1.4.199.jar:1.4.199]
	at org.h2.mvstore.MVStore.<init>(MVStore.java:390) ~[h2-1.4.199.jar:1.4.199]
	at org.h2.mvstore.MVStore$Builder.open(MVStore.java:3343) ~[h2-1.4.199.jar:1.4.199]
	at org.h2.mvstore.db.MVTableEngine$Store.open(MVTableEngine.java:162) ~[h2-1.4.199.jar:1.4.199]
	... 72 common frames omitted

2019-07-28 16:41:42.744 ERROR 10128 --- [           main] o.s.test.context.TestContextManager      : Caught exception while allowing TestExecutionListener [org.springframework.test.context.web.ServletTestExecutionListener@44c03695] to prepare test instance [com.example.SpringWebDemo.SpringWebDemoApplicationTests@588307f7]

java.lang.IllegalStateException: Failed to load ApplicationContext
	at org.springframework.test.context.cache.DefaultCacheAwareContextLoaderDelegate.loadContext(DefaultCacheAwareContextLoaderDelegate.java:125) ~[spring-test-5.1.8.RELEASE.jar:5.1.8.RELEASE]
	at org.springframework.test.context.support.DefaultTestContext.getApplicationContext(DefaultTestContext.java:108) ~[spring-test-5.1.8.RELEASE.jar:5.1.8.RELEASE]
	at org.springframework.test.context.web.ServletTestExecutionListener.setUpRequestContextIfNecessary(ServletTestExecutionListener.java:190) ~[spring-test-5.1.8.RELEASE.jar:5.1.8.RELEASE]
	at org.springframework.test.context.web.ServletTestExecutionListener.prepareTestInstance(ServletTestExecutionListener.java:132) ~[spring-test-5.1.8.RELEASE.jar:5.1.8.RELEASE]
	at org.springframework.test.context.TestContextManager.prepareTestInstance(TestContextManager.java:246) ~[spring-test-5.1.8.RELEASE.jar:5.1.8.RELEASE]
	at org.springframework.test.context.junit4.SpringJUnit4ClassRunner.createTest(SpringJUnit4ClassRunner.java:227) [spring-test-5.1.8.RELEASE.jar:5.1.8.RELEASE]
	at org.springframework.test.context.junit4.SpringJUnit4ClassRunner$1.runReflectiveCall(SpringJUnit4ClassRunner.java:289) [spring-test-5.1.8.RELEASE.jar:5.1.8.RELEASE]
	at org.junit.internal.runners.model.ReflectiveCallable.run(ReflectiveCallable.java:12) [junit-4.12.jar:4.12]
	at org.springframework.test.context.junit4.SpringJUnit4ClassRunner.methodBlock(SpringJUnit4ClassRunner.java:291) [spring-test-5.1.8.RELEASE.jar:5.1.8.RELEASE]
	at org.springframework.test.context.junit4.SpringJUnit4ClassRunner.runChild(SpringJUnit4ClassRunner.java:246) [spring-test-5.1.8.RELEASE.jar:5.1.8.RELEASE]
	at org.springframework.test.context.junit4.SpringJUnit4ClassRunner.runChild(SpringJUnit4ClassRunner.java:97) [spring-test-5.1.8.RELEASE.jar:5.1.8.RELEASE]
	at org.junit.runners.ParentRunner$3.run(ParentRunner.java:290) [junit-4.12.jar:4.12]
	at org.junit.runners.ParentRunner$1.schedule(ParentRunner.java:71) [junit-4.12.jar:4.12]
	at org.junit.runners.ParentRunner.runChildren(ParentRunner.java:288) [junit-4.12.jar:4.12]
	at org.junit.runners.ParentRunner.access$000(ParentRunner.java:58) [junit-4.12.jar:4.12]
	at org.junit.runners.ParentRunner$2.evaluate(ParentRunner.java:268) [junit-4.12.jar:4.12]
	at org.springframework.test.context.junit4.statements.RunBeforeTestClassCallbacks.evaluate(RunBeforeTestClassCallbacks.java:61) [spring-test-5.1.8.RELEASE.jar:5.1.8.RELEASE]
	at org.springframework.test.context.junit4.statements.RunAfterTestClassCallbacks.evaluate(RunAfterTestClassCallbacks.java:70) [spring-test-5.1.8.RELEASE.jar:5.1.8.RELEASE]
	at org.junit.runners.ParentRunner.run(ParentRunner.java:363) [junit-4.12.jar:4.12]
	at org.springframework.test.context.junit4.SpringJUnit4ClassRunner.run(SpringJUnit4ClassRunner.java:190) [spring-test-5.1.8.RELEASE.jar:5.1.8.RELEASE]
	at org.apache.maven.surefire.junit4.JUnit4Provider.execute(JUnit4Provider.java:365) [surefire-junit4-2.22.2.jar:2.22.2]
	at org.apache.maven.surefire.junit4.JUnit4Provider.executeWithRerun(JUnit4Provider.java:273) [surefire-junit4-2.22.2.jar:2.22.2]
	at org.apache.maven.surefire.junit4.JUnit4Provider.executeTestSet(JUnit4Provider.java:238) [surefire-junit4-2.22.2.jar:2.22.2]
	at org.apache.maven.surefire.junit4.JUnit4Provider.invoke(JUnit4Provider.java:159) [surefire-junit4-2.22.2.jar:2.22.2]
	at org.apache.maven.surefire.booter.ForkedBooter.invokeProviderInSameClassLoader(ForkedBooter.java:384) [surefire-booter-2.22.2.jar:2.22.2]
	at org.apache.maven.surefire.booter.ForkedBooter.runSuitesInProcess(ForkedBooter.java:345) [surefire-booter-2.22.2.jar:2.22.2]
	at org.apache.maven.surefire.booter.ForkedBooter.execute(ForkedBooter.java:126) [surefire-booter-2.22.2.jar:2.22.2]
	at org.apache.maven.surefire.booter.ForkedBooter.main(ForkedBooter.java:418) [surefire-booter-2.22.2.jar:2.22.2]
Caused by: org.springframework.beans.factory.BeanCreationException: Error creating bean with name 'flywayInitializer' defined in class path resource [org/springframework/boot/autoconfigure/flyway/FlywayAutoConfiguration$FlywayConfiguration.class]: Invocation of init method failed; nested exception is org.flywaydb.core.internal.exception.FlywaySqlException: 
Unable to obtain connection from database: Database may be already in use: null. Possible solutions: close all other connection(s); use the server mode [90020-199]
-------------------------------------------------------------------------------------------------------------------------------------------------------------------
SQL State  : 90020
Error Code : 90020
Message    : Database may be already in use: null. Possible solutions: close all other connection(s); use the server mode [90020-199]

	at org.springframework.beans.factory.support.AbstractAutowireCapableBeanFactory.initializeBean(AbstractAutowireCapableBeanFactory.java:1778) ~[spring-beans-5.1.8.RELEASE.jar:5.1.8.RELEASE]
	at org.springframework.beans.factory.support.AbstractAutowireCapableBeanFactory.doCreateBean(AbstractAutowireCapableBeanFactory.java:593) ~[spring-beans-5.1.8.RELEASE.jar:5.1.8.RELEASE]
	at org.springframework.beans.factory.support.AbstractAutowireCapableBeanFactory.createBean(AbstractAutowireCapableBeanFactory.java:515) ~[spring-beans-5.1.8.RELEASE.jar:5.1.8.RELEASE]
	at org.springframework.beans.factory.support.AbstractBeanFactory.lambda$doGetBean$0(AbstractBeanFactory.java:320) ~[spring-beans-5.1.8.RELEASE.jar:5.1.8.RELEASE]
	at org.springframework.beans.factory.support.DefaultSingletonBeanRegistry.getSingleton(DefaultSingletonBeanRegistry.java:222) ~[spring-beans-5.1.8.RELEASE.jar:5.1.8.RELEASE]
	at org.springframework.beans.factory.support.AbstractBeanFactory.doGetBean(AbstractBeanFactory.java:318) ~[spring-beans-5.1.8.RELEASE.jar:5.1.8.RELEASE]
	at org.springframework.beans.factory.support.AbstractBeanFactory.getBean(AbstractBeanFactory.java:199) ~[spring-beans-5.1.8.RELEASE.jar:5.1.8.RELEASE]
	at org.springframework.beans.factory.support.AbstractBeanFactory.doGetBean(AbstractBeanFactory.java:307) ~[spring-beans-5.1.8.RELEASE.jar:5.1.8.RELEASE]
	at org.springframework.beans.factory.support.AbstractBeanFactory.getBean(AbstractBeanFactory.java:199) ~[spring-beans-5.1.8.RELEASE.jar:5.1.8.RELEASE]
	at org.springframework.context.support.AbstractApplicationContext.getBean(AbstractApplicationContext.java:1105) ~[spring-context-5.1.8.RELEASE.jar:5.1.8.RELEASE]
	at org.springframework.context.support.AbstractApplicationContext.finishBeanFactoryInitialization(AbstractApplicationContext.java:867) ~[spring-context-5.1.8.RELEASE.jar:5.1.8.RELEASE]
	at org.springframework.context.support.AbstractApplicationContext.refresh(AbstractApplicationContext.java:549) ~[spring-context-5.1.8.RELEASE.jar:5.1.8.RELEASE]
	at org.springframework.boot.SpringApplication.refresh(SpringApplication.java:742) ~[spring-boot-2.1.6.RELEASE.jar:2.1.6.RELEASE]
	at org.springframework.boot.SpringApplication.refreshContext(SpringApplication.java:389) ~[spring-boot-2.1.6.RELEASE.jar:2.1.6.RELEASE]
	at org.springframework.boot.SpringApplication.run(SpringApplication.java:311) ~[spring-boot-2.1.6.RELEASE.jar:2.1.6.RELEASE]
	at org.springframework.boot.test.context.SpringBootContextLoader.loadContext(SpringBootContextLoader.java:119) ~[spring-boot-test-2.1.6.RELEASE.jar:2.1.6.RELEASE]
	at org.springframework.test.context.cache.DefaultCacheAwareContextLoaderDelegate.loadContextInternal(DefaultCacheAwareContextLoaderDelegate.java:99) ~[spring-test-5.1.8.RELEASE.jar:5.1.8.RELEASE]
	at org.springframework.test.context.cache.DefaultCacheAwareContextLoaderDelegate.loadContext(DefaultCacheAwareContextLoaderDelegate.java:117) ~[spring-test-5.1.8.RELEASE.jar:5.1.8.RELEASE]
	... 27 common frames omitted
Caused by: org.flywaydb.core.internal.exception.FlywaySqlException: 
Unable to obtain connection from database: Database may be already in use: null. Possible solutions: close all other connection(s); use the server mode [90020-199]
-------------------------------------------------------------------------------------------------------------------------------------------------------------------
SQL State  : 90020
Error Code : 90020
Message    : Database may be already in use: null. Possible solutions: close all other connection(s); use the server mode [90020-199]

	at org.flywaydb.core.internal.jdbc.JdbcUtils.openConnection(JdbcUtils.java:60) ~[flyway-core-5.2.4.jar:na]
	at org.flywaydb.core.internal.database.DatabaseFactory.createDatabase(DatabaseFactory.java:72) ~[flyway-core-5.2.4.jar:na]
	at org.flywaydb.core.Flyway.execute(Flyway.java:1670) ~[flyway-core-5.2.4.jar:na]
	at org.flywaydb.core.Flyway.migrate(Flyway.java:1356) ~[flyway-core-5.2.4.jar:na]
	at org.springframework.boot.autoconfigure.flyway.FlywayMigrationInitializer.afterPropertiesSet(FlywayMigrationInitializer.java:65) ~[spring-boot-autoconfigure-2.1.6.RELEASE.jar:2.1.6.RELEASE]
	at org.springframework.beans.factory.support.AbstractAutowireCapableBeanFactory.invokeInitMethods(AbstractAutowireCapableBeanFactory.java:1837) ~[spring-beans-5.1.8.RELEASE.jar:5.1.8.RELEASE]
	at org.springframework.beans.factory.support.AbstractAutowireCapableBeanFactory.initializeBean(AbstractAutowireCapableBeanFactory.java:1774) ~[spring-beans-5.1.8.RELEASE.jar:5.1.8.RELEASE]
	... 44 common frames omitted
Caused by: org.h2.jdbc.JdbcSQLNonTransientConnectionException: Database may be already in use: null. Possible solutions: close all other connection(s); use the server mode [90020-199]
	at org.h2.message.DbException.getJdbcSQLException(DbException.java:617) ~[h2-1.4.199.jar:1.4.199]
	at org.h2.message.DbException.getJdbcSQLException(DbException.java:427) ~[h2-1.4.199.jar:1.4.199]
	at org.h2.message.DbException.get(DbException.java:194) ~[h2-1.4.199.jar:1.4.199]
	at org.h2.mvstore.db.MVTableEngine$Store.convertIllegalStateException(MVTableEngine.java:193) ~[h2-1.4.199.jar:1.4.199]
	at org.h2.mvstore.db.MVTableEngine$Store.open(MVTableEngine.java:173) ~[h2-1.4.199.jar:1.4.199]
	at org.h2.mvstore.db.MVTableEngine.init(MVTableEngine.java:95) ~[h2-1.4.199.jar:1.4.199]
	at org.h2.engine.Database.getPageStore(Database.java:2739) ~[h2-1.4.199.jar:1.4.199]
	at org.h2.engine.Database.open(Database.java:769) ~[h2-1.4.199.jar:1.4.199]
	at org.h2.engine.Database.openDatabase(Database.java:319) ~[h2-1.4.199.jar:1.4.199]
	at org.h2.engine.Database.<init>(Database.java:313) ~[h2-1.4.199.jar:1.4.199]
	at org.h2.engine.Engine.openSession(Engine.java:69) ~[h2-1.4.199.jar:1.4.199]
	at org.h2.engine.Engine.openSession(Engine.java:201) ~[h2-1.4.199.jar:1.4.199]
	at org.h2.engine.Engine.createSessionAndValidate(Engine.java:178) ~[h2-1.4.199.jar:1.4.199]
	at org.h2.engine.Engine.createSession(Engine.java:161) ~[h2-1.4.199.jar:1.4.199]
	at org.h2.engine.Engine.createSession(Engine.java:31) ~[h2-1.4.199.jar:1.4.199]
	at org.h2.engine.SessionRemote.connectEmbeddedOrServer(SessionRemote.java:336) ~[h2-1.4.199.jar:1.4.199]
	at org.h2.jdbc.JdbcConnection.<init>(JdbcConnection.java:169) ~[h2-1.4.199.jar:1.4.199]
	at org.h2.jdbc.JdbcConnection.<init>(JdbcConnection.java:148) ~[h2-1.4.199.jar:1.4.199]
	at org.h2.Driver.connect(Driver.java:69) ~[h2-1.4.199.jar:1.4.199]
	at com.zaxxer.hikari.util.DriverDataSource.getConnection(DriverDataSource.java:136) ~[HikariCP-3.2.0.jar:na]
	at com.zaxxer.hikari.pool.PoolBase.newConnection(PoolBase.java:369) ~[HikariCP-3.2.0.jar:na]
	at com.zaxxer.hikari.pool.PoolBase.newPoolEntry(PoolBase.java:198) ~[HikariCP-3.2.0.jar:na]
	at com.zaxxer.hikari.pool.HikariPool.createPoolEntry(HikariPool.java:467) ~[HikariCP-3.2.0.jar:na]
	at com.zaxxer.hikari.pool.HikariPool.checkFailFast(HikariPool.java:541) ~[HikariCP-3.2.0.jar:na]
	at com.zaxxer.hikari.pool.HikariPool.<init>(HikariPool.java:115) ~[HikariCP-3.2.0.jar:na]
	at com.zaxxer.hikari.HikariDataSource.getConnection(HikariDataSource.java:112) ~[HikariCP-3.2.0.jar:na]
	at org.flywaydb.core.internal.jdbc.JdbcUtils.openConnection(JdbcUtils.java:56) ~[flyway-core-5.2.4.jar:na]
	... 50 common frames omitted
Caused by: java.lang.IllegalStateException: The file is locked: nio:C:/Users/s.atanasov/spring_web.mv.db [1.4.199/7]
	at org.h2.mvstore.DataUtils.newIllegalStateException(DataUtils.java:883) ~[h2-1.4.199.jar:1.4.199]
	at org.h2.mvstore.FileStore.open(FileStore.java:172) ~[h2-1.4.199.jar:1.4.199]
	at org.h2.mvstore.MVStore.<init>(MVStore.java:390) ~[h2-1.4.199.jar:1.4.199]
	at org.h2.mvstore.MVStore$Builder.open(MVStore.java:3343) ~[h2-1.4.199.jar:1.4.199]
	at org.h2.mvstore.db.MVTableEngine$Store.open(MVTableEngine.java:162) ~[h2-1.4.199.jar:1.4.199]
	... 72 common frames omitted

]]></system-out>
  </testcase>
</testsuite>